Start testing: Jun 11 00:00 CDT
----------------------------------------------------------
1/30 Testing: Happens Before Graph
1/30 Test: Happens Before Graph
Command: "/home/tanzir/OpenRace/src/bin/tester" "Happens Before Graph" "--reporter junit" "--out /home/tanzir/OpenRace/src/testresults/Happens_Before_Graph.xml"
Directory: /home/tanzir/OpenRace/tests/data
"Happens Before Graph" start time: Jun 11 00:00 CDT
Output:
----------------------------------------------------------
<end of output>
Test time =   0.21 sec
----------------------------------------------------------
Test Passed.
"Happens Before Graph" end time: Jun 11 00:00 CDT
"Happens Before Graph" time elapsed: 00:00:00
----------------------------------------------------------

2/30 Testing: HappensBefore Barrier
2/30 Test: HappensBefore Barrier
Command: "/home/tanzir/OpenRace/src/bin/tester" "HappensBefore Barrier" "--reporter junit" "--out /home/tanzir/OpenRace/src/testresults/HappensBefore_Barrier.xml"
Directory: /home/tanzir/OpenRace/tests/data
"HappensBefore Barrier" start time: Jun 11 00:00 CDT
Output:
----------------------------------------------------------
<end of output>
Test time =   0.20 sec
----------------------------------------------------------
Test Passed.
"HappensBefore Barrier" end time: Jun 11 00:00 CDT
"HappensBefore Barrier" time elapsed: 00:00:00
----------------------------------------------------------

3/30 Testing: Simple lockset test
3/30 Test: Simple lockset test
Command: "/home/tanzir/OpenRace/src/bin/tester" "Simple lockset test" "--reporter junit" "--out /home/tanzir/OpenRace/src/testresults/Simple_lockset_test.xml"
Directory: /home/tanzir/OpenRace/tests/data
"Simple lockset test" start time: Jun 11 00:00 CDT
Output:
----------------------------------------------------------
<end of output>
Test time =   0.23 sec
----------------------------------------------------------
Test Passed.
"Simple lockset test" end time: Jun 11 00:00 CDT
"Simple lockset test" time elapsed: 00:00:00
----------------------------------------------------------

4/30 Testing: Construct SharedMemory from real Program
4/30 Test: Construct SharedMemory from real Program
Command: "/home/tanzir/OpenRace/src/bin/tester" "Construct SharedMemory from real Program" "--reporter junit" "--out /home/tanzir/OpenRace/src/testresults/Construct_SharedMemory_from_real_Program.xml"
Directory: /home/tanzir/OpenRace/tests/data
"Construct SharedMemory from real Program" start time: Jun 11 00:00 CDT
Output:
----------------------------------------------------------
<end of output>
Test time =   0.20 sec
----------------------------------------------------------
Test Passed.
"Construct SharedMemory from real Program" end time: Jun 11 00:00 CDT
"Construct SharedMemory from real Program" time elapsed: 00:00:00
----------------------------------------------------------

5/30 Testing: OpenMP inSameTeam Analysis
5/30 Test: OpenMP inSameTeam Analysis
Command: "/home/tanzir/OpenRace/src/bin/tester" "OpenMP inSameTeam Analysis" "--reporter junit" "--out /home/tanzir/OpenRace/src/testresults/OpenMP_inSameTeam_Analysis.xml"
Directory: /home/tanzir/OpenRace/tests/data
"OpenMP inSameTeam Analysis" start time: Jun 11 00:00 CDT
Output:
----------------------------------------------------------
<end of output>
Test time =   0.20 sec
----------------------------------------------------------
Test Passed.
"OpenMP inSameTeam Analysis" end time: Jun 11 00:00 CDT
"OpenMP inSameTeam Analysis" time elapsed: 00:00:00
----------------------------------------------------------

6/30 Testing: OpenMP inSameSingleRegion Analysis
6/30 Test: OpenMP inSameSingleRegion Analysis
Command: "/home/tanzir/OpenRace/src/bin/tester" "OpenMP inSameSingleRegion Analysis" "--reporter junit" "--out /home/tanzir/OpenRace/src/testresults/OpenMP_inSameSingleRegion_Analysis.xml"
Directory: /home/tanzir/OpenRace/tests/data
"OpenMP inSameSingleRegion Analysis" start time: Jun 11 00:00 CDT
Output:
----------------------------------------------------------
===== Program Trace =====
---Thread0
0 Fork	  call void (%struct.ident_t*, i32, void (i32*, i32*, ...)*, ...) @__kmpc_fork_call(%struct.ident_t* %duplicateOmpForkHandle, i32 0, void (i32*, i32*, ...)* %0)
1 Fork	  call void (%struct.ident_t*, i32, void (i32*, i32*, ...)*, ...) @__kmpc_fork_call(%struct.ident_t* nonnull @1, i32 0, void (i32*, i32*, ...)* %0)
2 Join	  call void (%struct.ident_t*, i32, void (i32*, i32*, ...)*, ...) @__kmpc_fork_call(%struct.ident_t* %duplicateOmpForkHandle, i32 0, void (i32*, i32*, ...)* %0)
3 Join	  call void (%struct.ident_t*, i32, void (i32*, i32*, ...)*, ...) @__kmpc_fork_call(%struct.ident_t* nonnull @1, i32 0, void (i32*, i32*, ...)* %0)
---Thread1  (Spawned by T0:1)
0 ExternCall	  %start1 = call i32 @__kmpc_single(%struct.ident_t* nonnull %.kmpc_loc.addr, i32 0)
1 Read	  %0 = load i32, i32* @count, align 4
2 ExternCall	  call void @__kmpc_end_single(%struct.ident_t* nonnull %.kmpc_loc.addr, i32 0)
3 ExternCall	  %start2 = call i32 @__kmpc_single(%struct.ident_t* nonnull %.kmpc_loc.addr, i32 0)
4 Write	  store i32 %inc, i32* @count, align 4
5 ExternCall	  call void @__kmpc_end_single(%struct.ident_t* nonnull %.kmpc_loc.addr, i32 0)
---Thread2  (Spawned by T0:0)
0 ExternCall	  %start1 = call i32 @__kmpc_single(%struct.ident_t* nonnull %.kmpc_loc.addr, i32 0)
1 Read	  %0 = load i32, i32* @count, align 4
2 ExternCall	  call void @__kmpc_end_single(%struct.ident_t* nonnull %.kmpc_loc.addr, i32 0)
3 ExternCall	  %start2 = call i32 @__kmpc_single(%struct.ident_t* nonnull %.kmpc_loc.addr, i32 0)
4 Write	  store i32 %inc, i32* @count, align 4
5 ExternCall	  call void @__kmpc_end_single(%struct.ident_t* nonnull %.kmpc_loc.addr, i32 0)
========================

tester: Analysis/OpenMPAnalysis.cpp:473: std::vector<race::Region> {anonymous}::getRegions(const race::ThreadTrace&) [with race::IR::Type Start = race::IR::Type::OpenMPSingleStart; race::IR::Type End = race::IR::Type::OpenMPSingleEnd]: Assertion `!start.has_value() && "encountered two start types in a row"' failed.
<end of output>
Test time =   0.21 sec
----------------------------------------------------------
Test Failed.
"OpenMP inSameSingleRegion Analysis" end time: Jun 11 00:00 CDT
"OpenMP inSameSingleRegion Analysis" time elapsed: 00:00:00
----------------------------------------------------------

7/30 Testing: Manually Constructed IR
7/30 Test: Manually Constructed IR
Command: "/home/tanzir/OpenRace/src/bin/tester" "Manually Constructed IR" "--reporter junit" "--out /home/tanzir/OpenRace/src/testresults/Manually_Constructed_IR.xml"
Directory: /home/tanzir/OpenRace/tests/data
"Manually Constructed IR" start time: Jun 11 00:00 CDT
Output:
----------------------------------------------------------
<end of output>
Test time =   0.01 sec
----------------------------------------------------------
Test Passed.
"Manually Constructed IR" end time: Jun 11 00:00 CDT
"Manually Constructed IR" time elapsed: 00:00:00
----------------------------------------------------------

8/30 Testing: Builder Read/Write/Call
8/30 Test: Builder Read/Write/Call
Command: "/home/tanzir/OpenRace/src/bin/tester" "Builder Read/Write/Call" "--reporter junit" "--out /home/tanzir/OpenRace/src/testresults/Builder_Read_Write_Call.xml"
Directory: /home/tanzir/OpenRace/tests/data
"Builder Read/Write/Call" start time: Jun 11 00:00 CDT
Output:
----------------------------------------------------------
<end of output>
Test time =   0.00 sec
----------------------------------------------------------
Test Passed.
"Builder Read/Write/Call" end time: Jun 11 00:00 CDT
"Builder Read/Write/Call" time elapsed: 00:00:00
----------------------------------------------------------

9/30 Testing: Builder pthread create/join
9/30 Test: Builder pthread create/join
Command: "/home/tanzir/OpenRace/src/bin/tester" "Builder pthread create/join" "--reporter junit" "--out /home/tanzir/OpenRace/src/testresults/Builder_pthread_create_join.xml"
Directory: /home/tanzir/OpenRace/tests/data
"Builder pthread create/join" start time: Jun 11 00:00 CDT
Output:
----------------------------------------------------------
<end of output>
Test time =   0.01 sec
----------------------------------------------------------
Test Passed.
"Builder pthread create/join" end time: Jun 11 00:00 CDT
"Builder pthread create/join" time elapsed: 00:00:00
----------------------------------------------------------

10/30 Testing: Builder pthread mutex
10/30 Test: Builder pthread mutex
Command: "/home/tanzir/OpenRace/src/bin/tester" "Builder pthread mutex" "--reporter junit" "--out /home/tanzir/OpenRace/src/testresults/Builder_pthread_mutex.xml"
Directory: /home/tanzir/OpenRace/tests/data
"Builder pthread mutex" start time: Jun 11 00:00 CDT
Output:
----------------------------------------------------------
<end of output>
Test time =   0.01 sec
----------------------------------------------------------
Test Passed.
"Builder pthread mutex" end time: Jun 11 00:00 CDT
"Builder pthread mutex" time elapsed: 00:00:00
----------------------------------------------------------

11/30 Testing: OpenMP
11/30 Test: OpenMP
Command: "/home/tanzir/OpenRace/src/bin/tester" "OpenMP" "--reporter junit" "--out /home/tanzir/OpenRace/src/testresults/OpenMP.xml"
Directory: /home/tanzir/OpenRace/tests/data
"OpenMP" start time: Jun 11 00:00 CDT
Output:
----------------------------------------------------------
<end of output>
Test time =   0.01 sec
----------------------------------------------------------
Test Passed.
"OpenMP" end time: Jun 11 00:00 CDT
"OpenMP" time elapsed: 00:00:00
----------------------------------------------------------

12/30 Testing: Build OpenMP once/end_once IR
12/30 Test: Build OpenMP once/end_once IR
Command: "/home/tanzir/OpenRace/src/bin/tester" "Build OpenMP once/end_once IR" "--reporter junit" "--out /home/tanzir/OpenRace/src/testresults/Build_OpenMP_once_end_once_IR.xml"
Directory: /home/tanzir/OpenRace/tests/data
"Build OpenMP once/end_once IR" start time: Jun 11 00:00 CDT
Output:
----------------------------------------------------------
<end of output>
Test time =   0.01 sec
----------------------------------------------------------
Test Passed.
"Build OpenMP once/end_once IR" end time: Jun 11 00:00 CDT
"Build OpenMP once/end_once IR" time elapsed: 00:00:00
----------------------------------------------------------

13/30 Testing: Build OpenMP barrier IR
13/30 Test: Build OpenMP barrier IR
Command: "/home/tanzir/OpenRace/src/bin/tester" "Build OpenMP barrier IR" "--reporter junit" "--out /home/tanzir/OpenRace/src/testresults/Build_OpenMP_barrier_IR.xml"
Directory: /home/tanzir/OpenRace/tests/data
"Build OpenMP barrier IR" start time: Jun 11 00:00 CDT
Output:
----------------------------------------------------------
<end of output>
Test time =   0.01 sec
----------------------------------------------------------
Test Passed.
"Build OpenMP barrier IR" end time: Jun 11 00:00 CDT
"Build OpenMP barrier IR" time elapsed: 00:00:00
----------------------------------------------------------

14/30 Testing: Build OpenMP critical IR
14/30 Test: Build OpenMP critical IR
Command: "/home/tanzir/OpenRace/src/bin/tester" "Build OpenMP critical IR" "--reporter junit" "--out /home/tanzir/OpenRace/src/testresults/Build_OpenMP_critical_IR.xml"
Directory: /home/tanzir/OpenRace/tests/data
"Build OpenMP critical IR" start time: Jun 11 00:00 CDT
Output:
----------------------------------------------------------
<end of output>
Test time =   0.01 sec
----------------------------------------------------------
Test Passed.
"Build OpenMP critical IR" end time: Jun 11 00:00 CDT
"Build OpenMP critical IR" time elapsed: 00:00:00
----------------------------------------------------------

15/30 Testing: Build OpenMP master IR
15/30 Test: Build OpenMP master IR
Command: "/home/tanzir/OpenRace/src/bin/tester" "Build OpenMP master IR" "--reporter junit" "--out /home/tanzir/OpenRace/src/testresults/Build_OpenMP_master_IR.xml"
Directory: /home/tanzir/OpenRace/tests/data
"Build OpenMP master IR" start time: Jun 11 00:00 CDT
Output:
----------------------------------------------------------
<end of output>
Test time =   0.01 sec
----------------------------------------------------------
Test Passed.
"Build OpenMP master IR" end time: Jun 11 00:00 CDT
"Build OpenMP master IR" time elapsed: 00:00:00
----------------------------------------------------------

16/30 Testing: PointerAnalysis
16/30 Test: PointerAnalysis
Command: "/home/tanzir/OpenRace/src/bin/tester" "PointerAnalysis" "--reporter junit" "--out /home/tanzir/OpenRace/src/testresults/PointerAnalysis.xml"
Directory: /home/tanzir/OpenRace/tests/data
"PointerAnalysis" start time: Jun 11 00:00 CDT
Output:
----------------------------------------------------------
<end of output>
Test time =  11.40 sec
----------------------------------------------------------
Test Passed.
"PointerAnalysis" end time: Jun 11 00:00 CDT
"PointerAnalysis" time elapsed: 00:00:11
----------------------------------------------------------

17/30 Testing: Duplicate OpenMP Forks
17/30 Test: Duplicate OpenMP Forks
Command: "/home/tanzir/OpenRace/src/bin/tester" "Duplicate OpenMP Forks" "--reporter junit" "--out /home/tanzir/OpenRace/src/testresults/Duplicate_OpenMP_Forks.xml"
Directory: /home/tanzir/OpenRace/tests/data
"Duplicate OpenMP Forks" start time: Jun 11 00:00 CDT
Output:
----------------------------------------------------------
<end of output>
Test time =   0.00 sec
----------------------------------------------------------
Test Passed.
"Duplicate OpenMP Forks" end time: Jun 11 00:00 CDT
"Duplicate OpenMP Forks" time elapsed: 00:00:00
----------------------------------------------------------

18/30 Testing: Callstack
18/30 Test: Callstack
Command: "/home/tanzir/OpenRace/src/bin/tester" "Callstack" "--reporter junit" "--out /home/tanzir/OpenRace/src/testresults/Callstack.xml"
Directory: /home/tanzir/OpenRace/tests/data
"Callstack" start time: Jun 11 00:00 CDT
Output:
----------------------------------------------------------
<end of output>
Test time =   0.01 sec
----------------------------------------------------------
Test Passed.
"Callstack" end time: Jun 11 00:00 CDT
"Callstack" time elapsed: 00:00:00
----------------------------------------------------------

19/30 Testing: ThreadTrace construction
19/30 Test: ThreadTrace construction
Command: "/home/tanzir/OpenRace/src/bin/tester" "ThreadTrace construction" "--reporter junit" "--out /home/tanzir/OpenRace/src/testresults/ThreadTrace_construction.xml"
Directory: /home/tanzir/OpenRace/tests/data
"ThreadTrace construction" start time: Jun 11 00:00 CDT
Output:
----------------------------------------------------------
<end of output>
Test time =   0.21 sec
----------------------------------------------------------
Test Passed.
"ThreadTrace construction" end time: Jun 11 00:00 CDT
"ThreadTrace construction" time elapsed: 00:00:00
----------------------------------------------------------

20/30 Testing: Construct pthread ThreadTrace
20/30 Test: Construct pthread ThreadTrace
Command: "/home/tanzir/OpenRace/src/bin/tester" "Construct pthread ThreadTrace" "--reporter junit" "--out /home/tanzir/OpenRace/src/testresults/Construct_pthread_ThreadTrace.xml"
Directory: /home/tanzir/OpenRace/tests/data
"Construct pthread ThreadTrace" start time: Jun 11 00:00 CDT
Output:
----------------------------------------------------------
<end of output>
Test time =   0.60 sec
----------------------------------------------------------
Test Passed.
"Construct pthread ThreadTrace" end time: Jun 11 00:00 CDT
"Construct pthread ThreadTrace" time elapsed: 00:00:00
----------------------------------------------------------

21/30 Testing: Nested Pthread ThreadTrace
21/30 Test: Nested Pthread ThreadTrace
Command: "/home/tanzir/OpenRace/src/bin/tester" "Nested Pthread ThreadTrace" "--reporter junit" "--out /home/tanzir/OpenRace/src/testresults/Nested_Pthread_ThreadTrace.xml"
Directory: /home/tanzir/OpenRace/tests/data
"Nested Pthread ThreadTrace" start time: Jun 11 00:00 CDT
Output:
----------------------------------------------------------
<end of output>
Test time =   0.58 sec
----------------------------------------------------------
Test Passed.
"Nested Pthread ThreadTrace" end time: Jun 11 00:00 CDT
"Nested Pthread ThreadTrace" time elapsed: 00:00:00
----------------------------------------------------------

22/30 Testing: Construct mutex ThreadTrace
22/30 Test: Construct mutex ThreadTrace
Command: "/home/tanzir/OpenRace/src/bin/tester" "Construct mutex ThreadTrace" "--reporter junit" "--out /home/tanzir/OpenRace/src/testresults/Construct_mutex_ThreadTrace.xml"
Directory: /home/tanzir/OpenRace/tests/data
"Construct mutex ThreadTrace" start time: Jun 11 00:00 CDT
Output:
----------------------------------------------------------
<end of output>
Test time =   0.21 sec
----------------------------------------------------------
Test Passed.
"Construct mutex ThreadTrace" end time: Jun 11 00:00 CDT
"Construct mutex ThreadTrace" time elapsed: 00:00:00
----------------------------------------------------------

23/30 Testing: OpenmP ThreadTrace construction
23/30 Test: OpenmP ThreadTrace construction
Command: "/home/tanzir/OpenRace/src/bin/tester" "OpenmP ThreadTrace construction" "--reporter junit" "--out /home/tanzir/OpenRace/src/testresults/OpenmP_ThreadTrace_construction.xml"
Directory: /home/tanzir/OpenRace/tests/data
"OpenmP ThreadTrace construction" start time: Jun 11 00:00 CDT
Output:
----------------------------------------------------------
<end of output>
Test time =   0.21 sec
----------------------------------------------------------
Test Passed.
"OpenmP ThreadTrace construction" end time: Jun 11 00:00 CDT
"OpenmP ThreadTrace construction" time elapsed: 00:00:00
----------------------------------------------------------

24/30 Testing: Construct critical ThreadTrace
24/30 Test: Construct critical ThreadTrace
Command: "/home/tanzir/OpenRace/src/bin/tester" "Construct critical ThreadTrace" "--reporter junit" "--out /home/tanzir/OpenRace/src/testresults/Construct_critical_ThreadTrace.xml"
Directory: /home/tanzir/OpenRace/tests/data
"Construct critical ThreadTrace" start time: Jun 11 00:00 CDT
Output:
----------------------------------------------------------
<end of output>
Test time =   0.21 sec
----------------------------------------------------------
Test Passed.
"Construct critical ThreadTrace" end time: Jun 11 00:00 CDT
"Construct critical ThreadTrace" time elapsed: 00:00:00
----------------------------------------------------------

25/30 Testing: pthreadrace
25/30 Test: pthreadrace
Command: "/home/tanzir/OpenRace/src/bin/tester" "pthreadrace" "--reporter junit" "--out /home/tanzir/OpenRace/src/testresults/pthreadrace.xml"
Directory: /home/tanzir/OpenRace/tests/data
"pthreadrace" start time: Jun 11 00:00 CDT
Output:
----------------------------------------------------------
===== Program Trace =====
---Thread0
0 ExternCall	  %call = call i32 @pthread_mutex_init(%union.pthread_mutex_t* nonnull @m, %union.pthread_mutexattr_t* null) #5, !dbg !86
1 Write	  store i32 1, i32* @x, align 4, !dbg !87, !tbaa !88
2 Write	  store i32 2, i32* @y, align 4, !dbg !92, !tbaa !88
3 Write	  store i32 4, i32* @z, align 4, !dbg !93, !tbaa !88
4 Write	  store i32 1, i32* @balance, align 4, !dbg !94, !tbaa !88
5 Fork	  %call1 = call i32 @pthread_create(i64* nonnull %t3, %union.pthread_attr_t* null, i8* (i8*)* nonnull @check_result, i8* null) #5, !dbg !96
6 Fork	  %call2 = call i32 @pthread_create(i64* nonnull %t1, %union.pthread_attr_t* null, i8* (i8*)* nonnull @deposit, i8* null) #5, !dbg !97
7 Fork	  %call3 = call i32 @pthread_create(i64* nonnull %t2, %union.pthread_attr_t* null, i8* (i8*)* nonnull @withdraw, i8* null) #5, !dbg !98
---Thread1  (Spawned by T0:7)
0 Lock	  %call = call i32 @pthread_mutex_lock(%union.pthread_mutex_t* nonnull @m) #5, !dbg !82
1 Read	  %0 = load i32, i32* @balance, align 4, !dbg !83, !tbaa !84
2 Read	  %1 = load i32, i32* @z, align 4, !dbg !88, !tbaa !84
3 Write	  store i32 %sub, i32* @balance, align 4, !dbg !90, !tbaa !84
4 Write	  store i8 1, i8* @withdraw_done, align 1, !dbg !91, !tbaa !92
5 Unlock	  %call1 = call i32 @pthread_mutex_unlock(%union.pthread_mutex_t* nonnull @m) #5, !dbg !94
---Thread2  (Spawned by T0:6)
0 Lock	  %call = call i32 @pthread_mutex_lock(%union.pthread_mutex_t* nonnull @m) #5, !dbg !82
1 Read	  %0 = load i32, i32* @balance, align 4, !dbg !83, !tbaa !84
2 Read	  %1 = load i32, i32* @y, align 4, !dbg !88, !tbaa !84
3 Write	  store i32 %add, i32* @balance, align 4, !dbg !90, !tbaa !84
4 Write	  store i8 1, i8* @deposit_done, align 1, !dbg !91, !tbaa !92
5 Unlock	  %call1 = call i32 @pthread_mutex_unlock(%union.pthread_mutex_t* nonnull @m) #5, !dbg !94
---Thread3  (Spawned by T0:5)
0 Lock	  %call = call i32 @pthread_mutex_lock(%union.pthread_mutex_t* nonnull @m) #5, !dbg !82
1 Read	  %0 = load i8, i8* @deposit_done, align 1, !dbg !83, !tbaa !85, !range !89
2 Read	  %1 = load i8, i8* @withdraw_done, align 1, !dbg !90
3 Read	  %2 = load i32, i32* @balance, align 4, !dbg !92, !tbaa !95
4 Read	  %3 = load i32, i32* @x, align 4, !dbg !92, !tbaa !95
5 Read	  %4 = load i32, i32* @y, align 4, !dbg !92, !tbaa !95
6 Read	  %5 = load i32, i32* @z, align 4, !dbg !92, !tbaa !95
7 ExternCall	  call void @__assert_fail(i8* %6, i8* %7, i32 27, i8* %8) #6, !dbg !92
8 Unlock	  %call4 = call i32 @pthread_mutex_unlock(%union.pthread_mutex_t* nonnull @m) #5, !dbg !98
========================

===== Program Trace =====
---Thread0
0 ExternCall	  %call = call dereferenceable(4096) i8* @_Znam(i64 4096) #12, !dbg !1026
1 Write	  store i8* %call, i8** %2, align 8, !dbg !1027, !tbaa !1028
2 ExternCall	  %call1 = call i32 @pthread_spin_init(i32* nonnull @_ZL4lock, i32 0) #7, !dbg !1032
3 Fork	  %call2 = call i32 @pthread_create(i64* nonnull %thr_sum, %union.pthread_attr_t* null, i8* (i8*)* nonnull @_ZL9SumThreadPv, i8* null) #7, !dbg !1033
4 Fork	  %call3 = call i32 @pthread_create(i64* nonnull %thr_generate, %union.pthread_attr_t* null, i8* (i8*)* nonnull @_ZL14GenerateThreadPv, i8* null) #7, !dbg !1034
5 Read	  %3 = load i64, i64* %thr_sum, align 8, !dbg !1035, !tbaa !1036
6 Join	  %call4 = call i32 @pthread_join(i64 %3, i8** null), !dbg !1038
7 Read	  %4 = load i64, i64* %thr_generate, align 8, !dbg !1039, !tbaa !1036
8 Join	  %call5 = call i32 @pthread_join(i64 %4, i8** null), !dbg !1040
---Thread1  (Spawned by T0:4)
0 Lock	  %call = call i32 @pthread_spin_lock(i32* nonnull @_ZL4lock) #7, !dbg !1022
1 ExternCall	  call void @_ZdlPv(i8* null) #12, !dbg !1024
2 ExternCall	  %call1 = call dereferenceable(4096) i8* @_Znam(i64 4096) #13, !dbg !1025
3 Write	  store i8* %call1, i8** %0, align 8, !dbg !1026, !tbaa !1027
4 Lock	  %call2 = call i32 @pthread_spin_unlock(i32* nonnull @_ZL4lock) #7, !dbg !1031
---Thread2  (Spawned by T0:3)
0 Lock	  %call = call i32 @pthread_spin_lock(i32* nonnull @_ZL4lock) #7, !dbg !1026
1 Read	  %1 = load i32, i32* %0, align 4, !dbg !1030, !tbaa !1033
2 Call	  %call1 = call dereferenceable(272) %"class.std::basic_ostream"* @_ZNSolsEj(%"class.std::basic_ostream"* nonnull @_ZSt4cout, i32 %add.lcssa), !dbg !1042
3 ExternCall	  %call = call dereferenceable(272) %"class.std::basic_ostream"* @_ZNSo9_M_insertImEERSoT_(%"class.std::basic_ostream"* @_ZSt4cout, i64 %conv), !dbg !1031
4 EndCall	  %call1 = call dereferenceable(272) %"class.std::basic_ostream"* @_ZNSolsEj(%"class.std::basic_ostream"* nonnull @_ZSt4cout, i32 %add.lcssa), !dbg !1042
5 Call	  %call2 = call dereferenceable(272) %"class.std::basic_ostream"* @_ZStlsISt11char_traitsIcEERSt13basic_ostreamIcT_ES5_PKc(%"class.std::basic_ostream"* nonnull dereferenceable(272) %call1, i8* %2), !dbg !1043
6 Read	  %vtable = load i8*, i8** %0, align 8, !dbg !1082, !tbaa !1084
7 Read	  %vbase.offset = load i64, i64* %1, align 8, !dbg !1082
8 Call	  call void @_ZNSt9basic_iosIcSt11char_traitsIcEE8setstateESt12_Ios_Iostate(%"class.std::basic_ios"* nonnull %4, i32 1), !dbg !1087
9 Call	  %call = call i32 @_ZNKSt9basic_iosIcSt11char_traitsIcEE7rdstateEv(%"class.std::basic_ios"* %this), !dbg !1029
10 Read	  %0 = load i32, i32* %_M_streambuf_state, align 8, !dbg !1029, !tbaa !1030
11 EndCall	  %call = call i32 @_ZNKSt9basic_iosIcSt11char_traitsIcEE7rdstateEv(%"class.std::basic_ios"* %this), !dbg !1029
12 Call	  %call2 = call i32 @_ZStorSt12_Ios_IostateS_(i32 %call, i32 1), !dbg !1030
13 EndCall	  %call2 = call i32 @_ZStorSt12_Ios_IostateS_(i32 %call, i32 1), !dbg !1030
14 ExternCall	  call void @_ZNSt9basic_iosIcSt11char_traitsIcEE5clearESt12_Ios_Iostate(%"class.std::basic_ios"* %this, i32 %call2), !dbg !1031
15 EndCall	  call void @_ZNSt9basic_iosIcSt11char_traitsIcEE8setstateESt12_Ios_Iostate(%"class.std::basic_ios"* nonnull %4, i32 1), !dbg !1087
16 Call	  %call = call i64 @_ZNSt11char_traitsIcE6lengthEPKc(i8* nonnull %5), !dbg !1088
17 ExternCall	  %call = call i64 @strlen(i8* nonnull dereferenceable(1) %0) #7, !dbg !1072
18 EndCall	  %call = call i64 @_ZNSt11char_traitsIcE6lengthEPKc(i8* nonnull %5), !dbg !1088
19 ExternCall	  %call1 = call dereferenceable(272) %"class.std::basic_ostream"* @_ZSt16__ostream_insertIcSt11char_traitsIcEERSt13basic_ostreamIT_T0_ES6_PKS3_l(%"class.std::basic_ostream"* nonnull dereferenceable(272) %__out, i8* nonnull %6, i64 %call), !dbg !1089
20 EndCall	  %call2 = call dereferenceable(272) %"class.std::basic_ostream"* @_ZStlsISt11char_traitsIcEERSt13basic_ostreamIcT_ES5_PKc(%"class.std::basic_ostream"* nonnull dereferenceable(272) %call1, i8* %2), !dbg !1043
21 Lock	  %call3 = call i32 @pthread_spin_unlock(i32* nonnull @_ZL4lock) #7, !dbg !1044
========================

===== Program Trace =====
---Thread0
0 ExternCall	  %call = call dereferenceable(4096) i8* @_Znam(i64 4096) #12, !dbg !1026
1 Write	  store i8* %call, i8** %2, align 8, !dbg !1027, !tbaa !1028
2 ExternCall	  %call1 = call i32 @pthread_spin_init(i32* nonnull @_ZL4lock, i32 0) #7, !dbg !1032
3 Fork	  %call2 = call i32 @pthread_create(i64* nonnull %thr_sum, %union.pthread_attr_t* null, i8* (i8*)* nonnull @_ZL9SumThreadPv, i8* null) #7, !dbg !1033
4 Fork	  %call3 = call i32 @pthread_create(i64* nonnull %thr_generate, %union.pthread_attr_t* null, i8* (i8*)* nonnull @_ZL14GenerateThreadPv, i8* null) #7, !dbg !1034
5 Read	  %3 = load i64, i64* %thr_sum, align 8, !dbg !1035, !tbaa !1036
6 Join	  %call4 = call i32 @pthread_join(i64 %3, i8** null), !dbg !1038
7 Read	  %4 = load i64, i64* %thr_generate, align 8, !dbg !1039, !tbaa !1036
8 Join	  %call5 = call i32 @pthread_join(i64 %4, i8** null), !dbg !1040
---Thread1  (Spawned by T0:4)
0 Lock	  %call = call i32 @pthread_spin_lock(i32* nonnull @_ZL4lock) #7, !dbg !1022
1 ExternCall	  call void @_ZdlPv(i8* null) #12, !dbg !1024
2 ExternCall	  %call1 = call dereferenceable(4096) i8* @_Znam(i64 4096) #13, !dbg !1025
3 Write	  store i8* %call1, i8** %0, align 8, !dbg !1026, !tbaa !1027
---Thread2  (Spawned by T0:3)
0 Lock	  %call = call i32 @pthread_spin_lock(i32* nonnull @_ZL4lock) #7, !dbg !1026
1 Read	  %1 = load i32, i32* %0, align 4, !dbg !1030, !tbaa !1033
2 Call	  %call1 = call dereferenceable(272) %"class.std::basic_ostream"* @_ZNSolsEj(%"class.std::basic_ostream"* nonnull @_ZSt4cout, i32 %add.lcssa), !dbg !1042
3 ExternCall	  %call = call dereferenceable(272) %"class.std::basic_ostream"* @_ZNSo9_M_insertImEERSoT_(%"class.std::basic_ostream"* @_ZSt4cout, i64 %conv), !dbg !1031
4 EndCall	  %call1 = call dereferenceable(272) %"class.std::basic_ostream"* @_ZNSolsEj(%"class.std::basic_ostream"* nonnull @_ZSt4cout, i32 %add.lcssa), !dbg !1042
5 Call	  %call2 = call dereferenceable(272) %"class.std::basic_ostream"* @_ZStlsISt11char_traitsIcEERSt13basic_ostreamIcT_ES5_PKc(%"class.std::basic_ostream"* nonnull dereferenceable(272) %call1, i8* %2), !dbg !1043
6 Read	  %vtable = load i8*, i8** %0, align 8, !dbg !1082, !tbaa !1084
7 Read	  %vbase.offset = load i64, i64* %1, align 8, !dbg !1082
8 Call	  call void @_ZNSt9basic_iosIcSt11char_traitsIcEE8setstateESt12_Ios_Iostate(%"class.std::basic_ios"* nonnull %4, i32 1), !dbg !1087
9 Call	  %call = call i32 @_ZNKSt9basic_iosIcSt11char_traitsIcEE7rdstateEv(%"class.std::basic_ios"* %this), !dbg !1029
10 Read	  %0 = load i32, i32* %_M_streambuf_state, align 8, !dbg !1029, !tbaa !1030
11 EndCall	  %call = call i32 @_ZNKSt9basic_iosIcSt11char_traitsIcEE7rdstateEv(%"class.std::basic_ios"* %this), !dbg !1029
12 Call	  %call2 = call i32 @_ZStorSt12_Ios_IostateS_(i32 %call, i32 1), !dbg !1030
13 EndCall	  %call2 = call i32 @_ZStorSt12_Ios_IostateS_(i32 %call, i32 1), !dbg !1030
14 ExternCall	  call void @_ZNSt9basic_iosIcSt11char_traitsIcEE5clearESt12_Ios_Iostate(%"class.std::basic_ios"* %this, i32 %call2), !dbg !1031
15 EndCall	  call void @_ZNSt9basic_iosIcSt11char_traitsIcEE8setstateESt12_Ios_Iostate(%"class.std::basic_ios"* nonnull %4, i32 1), !dbg !1087
16 Call	  %call = call i64 @_ZNSt11char_traitsIcE6lengthEPKc(i8* nonnull %5), !dbg !1088
17 ExternCall	  %call = call i64 @strlen(i8* nonnull dereferenceable(1) %0) #7, !dbg !1072
18 EndCall	  %call = call i64 @_ZNSt11char_traitsIcE6lengthEPKc(i8* nonnull %5), !dbg !1088
19 ExternCall	  %call1 = call dereferenceable(272) %"class.std::basic_ostream"* @_ZSt16__ostream_insertIcSt11char_traitsIcEERSt13basic_ostreamIT_T0_ES6_PKS3_l(%"class.std::basic_ostream"* nonnull dereferenceable(272) %__out, i8* nonnull %6, i64 %call), !dbg !1089
20 EndCall	  %call2 = call dereferenceable(272) %"class.std::basic_ostream"* @_ZStlsISt11char_traitsIcEERSt13basic_ostreamIcT_ES5_PKc(%"class.std::basic_ostream"* nonnull dereferenceable(272) %call1, i8* %2), !dbg !1043
21 Lock	  %call3 = call i32 @pthread_spin_unlock(i32* nonnull @_ZL4lock) #7, !dbg !1044
========================

===== Program Trace =====
---Thread0
0 Fork	  %call = call i32 @pthread_create(i64* nonnull %t1, %union.pthread_attr_t* null, i8* (i8*)* nonnull @foo, i8* null) #5, !dbg !70
1 Fork	  %call1 = call i32 @pthread_create(i64* nonnull %t2, %union.pthread_attr_t* null, i8* (i8*)* nonnull @foo, i8* null) #5, !dbg !71
2 Read	  %2 = load i64, i64* %t1, align 8, !dbg !72, !tbaa !73
3 Join	  %call2 = call i32 @pthread_join(i64 %2, i8** null) #5, !dbg !77
4 Read	  %3 = load i64, i64* %t2, align 8, !dbg !78, !tbaa !73
5 Join	  %call3 = call i32 @pthread_join(i64 %3, i8** null) #5, !dbg !79
---Thread1  (Spawned by T0:1)
0 Read	  %0 = load i32, i32* @global, align 4, !dbg !66, !tbaa !67
1 Write	  store i32 %inc, i32* @global, align 4, !dbg !66, !tbaa !67
2 Lock	  %call = call i32 @pthread_mutex_lock(%union.pthread_mutex_t* nonnull @mutex) #5, !dbg !71
3 Read	  %1 = load i32, i32* @global_locked, align 4, !dbg !72, !tbaa !67
4 Write	  store i32 %inc1, i32* @global_locked, align 4, !dbg !72, !tbaa !67
5 Unlock	  %call2 = call i32 @pthread_mutex_unlock(%union.pthread_mutex_t* nonnull @mutex) #5, !dbg !73
---Thread2  (Spawned by T0:0)
0 Read	  %0 = load i32, i32* @global, align 4, !dbg !66, !tbaa !67
1 Write	  store i32 %inc, i32* @global, align 4, !dbg !66, !tbaa !67
2 Lock	  %call = call i32 @pthread_mutex_lock(%union.pthread_mutex_t* nonnull @mutex) #5, !dbg !71
3 Read	  %1 = load i32, i32* @global_locked, align 4, !dbg !72, !tbaa !67
4 Write	  store i32 %inc1, i32* @global_locked, align 4, !dbg !72, !tbaa !67
5 Unlock	  %call2 = call i32 @pthread_mutex_unlock(%union.pthread_mutex_t* nonnull @mutex) #5, !dbg !73
========================

<end of output>
Test time =   0.82 sec
----------------------------------------------------------
Test Passed.
"pthreadrace" end time: Jun 11 00:00 CDT
"pthreadrace" time elapsed: 00:00:00
----------------------------------------------------------

26/30 Testing: dataracebench
26/30 Test: dataracebench
Command: "/home/tanzir/OpenRace/src/bin/tester" "dataracebench" "--reporter junit" "--out /home/tanzir/OpenRace/src/testresults/dataracebench.xml"
Directory: /home/tanzir/OpenRace/tests/data
"dataracebench" start time: Jun 11 00:00 CDT
Output:
----------------------------------------------------------
===== Program Trace =====
---Thread0
0 Read	  %3 = load i64, i64* %2, align 8
1 Write	  store i64 %3, i64* %4, align 8
2 Write	  store i32 1000, i32* %len, align 4, !dbg !25, !tbaa !26
3 Read	  %7 = load i32, i32* %len, align 4, !dbg !32, !tbaa !26
4 Write	  store i32 %9, i32* %8, align 4, !dbg !39, !tbaa !26
5 Read	  %10 = load i32, i32* %len, align 4, !dbg !32, !tbaa !26
6 Write	  store i8* %12, i8** %0, align 8, !dbg !43, !tbaa !44
7 Fork	  call void (%struct.ident_t*, i32, void (i32*, i32*, ...)*, ...) @__kmpc_fork_call(%struct.ident_t* %duplicateOmpForkHandle, i32 2, void (i32*, i32*, ...)* %13, i32* %len, [1000 x i32]* %a), !dbg !43
8 Fork	  call void (%struct.ident_t*, i32, void (i32*, i32*, ...)*, ...) @__kmpc_fork_call(%struct.ident_t* nonnull %.kmpc_loc.addr, i32 2, void (i32*, i32*, ...)* %13, i32* nonnull %len, [1000 x i32]* nonnull %a) #5, !dbg !43
9 Join	  call void (%struct.ident_t*, i32, void (i32*, i32*, ...)*, ...) @__kmpc_fork_call(%struct.ident_t* %duplicateOmpForkHandle, i32 2, void (i32*, i32*, ...)* %13, i32* %len, [1000 x i32]* %a), !dbg !43
10 Join	  call void (%struct.ident_t*, i32, void (i32*, i32*, ...)*, ...) @__kmpc_fork_call(%struct.ident_t* nonnull %.kmpc_loc.addr, i32 2, void (i32*, i32*, ...)* %13, i32* nonnull %len, [1000 x i32]* nonnull %a) #5, !dbg !43
11 Read	  %14 = load i32, i32* %arrayidx1, align 16, !dbg !47, !tbaa !26
---Thread1  (Spawned by T0:8)
0 Read	  %4 = load i64, i64* %3, align 8, !noalias !26
1 Write	  store i64 %4, i64* %5, align 8, !noalias !26
2 Read	  %6 = load i32, i32* %len, align 4, !dbg !44, !tbaa !45, !noalias !26
3 Write	  store i32 0, i32* %.omp.lb.i, align 4, !dbg !50, !tbaa !45, !noalias !26
4 Write	  store i32 %sub3.i, i32* %.omp.ub.i, align 4, !dbg !50, !tbaa !45, !noalias !26
5 Write	  store i32 1, i32* %.omp.stride.i, align 4, !dbg !50, !tbaa !45, !noalias !26
6 Write	  store i32 0, i32* %.omp.is_last.i, align 4, !dbg !50, !tbaa !45, !noalias !26
7 Write	  store i8* %11, i8** %1, align 8, !dbg !49, !tbaa !51, !noalias !26
8 Read	  %12 = load i32, i32* %.global_tid., align 4, !dbg !49, !tbaa !45, !alias.scope !26
9 ExternCall	  call void @__kmpc_for_static_init_4(%struct.ident_t* nonnull %.kmpc_loc.addr.i, i32 %12, i32 34, i32* nonnull %.omp.is_last.i, i32* nonnull %.omp.lb.i, i32* nonnull %.omp.ub.i, i32* nonnull %.omp.stride.i, i32 1, i32 1) #5, !dbg !49, !noalias !26
10 Read	  %13 = load i32, i32* %.omp.ub.i, align 4, !dbg !50, !tbaa !45, !noalias !26
11 Write	  store i32 %sub3..i, i32* %.omp.ub.i, align 4, !dbg !50, !tbaa !45, !noalias !26
12 Read	  %14 = load i32, i32* %.omp.lb.i, align 4, !dbg !50, !tbaa !45, !noalias !26
13 Read	  %17 = load i32, i32* %16, align 4, !dbg !57, !tbaa !45, !noalias !26
14 Write	  store i32 %add10.i, i32* %18, align 4, !dbg !60, !tbaa !45, !noalias !26
15 Read	  %19 = load i32, i32* %.omp.ub.i, align 4, !dbg !50, !tbaa !45, !noalias !26
16 Write	  store i8* %21, i8** %1, align 8, !dbg !54, !tbaa !51, !noalias !26
17 Read	  %22 = load i32, i32* %.global_tid., align 4, !dbg !54, !tbaa !45, !alias.scope !26
18 ExternCall	  call void @__kmpc_for_static_fini(%struct.ident_t* nonnull %.kmpc_loc.addr.i, i32 %22) #5, !dbg !54, !noalias !26
---Thread2  (Spawned by T0:7)
0 Read	  %4 = load i64, i64* %3, align 8, !noalias !26
1 Write	  store i64 %4, i64* %5, align 8, !noalias !26
2 Read	  %6 = load i32, i32* %len, align 4, !dbg !44, !tbaa !45, !noalias !26
3 Write	  store i32 0, i32* %.omp.lb.i, align 4, !dbg !50, !tbaa !45, !noalias !26
4 Write	  store i32 %sub3.i, i32* %.omp.ub.i, align 4, !dbg !50, !tbaa !45, !noalias !26
5 Write	  store i32 1, i32* %.omp.stride.i, align 4, !dbg !50, !tbaa !45, !noalias !26
6 Write	  store i32 0, i32* %.omp.is_last.i, align 4, !dbg !50, !tbaa !45, !noalias !26
7 Write	  store i8* %11, i8** %1, align 8, !dbg !49, !tbaa !51, !noalias !26
8 Read	  %12 = load i32, i32* %.global_tid., align 4, !dbg !49, !tbaa !45, !alias.scope !26
9 ExternCall	  call void @__kmpc_for_static_init_4(%struct.ident_t* nonnull %.kmpc_loc.addr.i, i32 %12, i32 34, i32* nonnull %.omp.is_last.i, i32* nonnull %.omp.lb.i, i32* nonnull %.omp.ub.i, i32* nonnull %.omp.stride.i, i32 1, i32 1) #5, !dbg !49, !noalias !26
10 Read	  %13 = load i32, i32* %.omp.ub.i, align 4, !dbg !50, !tbaa !45, !noalias !26
11 Write	  store i32 %sub3..i, i32* %.omp.ub.i, align 4, !dbg !50, !tbaa !45, !noalias !26
12 Read	  %14 = load i32, i32* %.omp.lb.i, align 4, !dbg !50, !tbaa !45, !noalias !26
13 Read	  %17 = load i32, i32* %16, align 4, !dbg !57, !tbaa !45, !noalias !26
14 Write	  store i32 %add10.i, i32* %18, align 4, !dbg !60, !tbaa !45, !noalias !26
15 Read	  %19 = load i32, i32* %.omp.ub.i, align 4, !dbg !50, !tbaa !45, !noalias !26
16 Write	  store i8* %21, i8** %1, align 8, !dbg !54, !tbaa !51, !noalias !26
17 Read	  %22 = load i32, i32* %.global_tid., align 4, !dbg !54, !tbaa !45, !alias.scope !26
18 ExternCall	  call void @__kmpc_for_static_fini(%struct.ident_t* nonnull %.kmpc_loc.addr.i, i32 %22) #5, !dbg !54, !noalias !26
========================

===== Program Trace =====
---Thread0
0 Read	  %3 = load i64, i64* %2, align 8
1 Write	  store i64 %3, i64* %4, align 8
2 Write	  store i32 1000, i32* %len, align 4, !dbg !29, !tbaa !30
3 Read	  %6 = load i8*, i8** %arrayidx, align 8, !dbg !37, !tbaa !38
4 Call	  %call = call i32 @atoi(i8* %6) #7, !dbg !40
5 ExternCall	  %call = call i64 @strtol(i8* nocapture nonnull %__nptr, i8** null, i32 10) #4, !dbg !22
6 EndCall	  %call = call i32 @atoi(i8* %6) #7, !dbg !40
7 Write	  store i32 %call, i32* %len, align 4, !dbg !41, !tbaa !30
8 Read	  %7 = load i32, i32* %len, align 4, !dbg !43, !tbaa !30
9 Read	  %10 = load i32, i32* %len, align 4, !dbg !46, !tbaa !30
10 Write	  store i32 %12, i32* %11, align 4, !dbg !52, !tbaa !30
11 Read	  %13 = load i32, i32* %len, align 4, !dbg !46, !tbaa !30
12 Write	  store i8* %15, i8** %0, align 8, !dbg !56, !tbaa !57
13 Fork	  call void (%struct.ident_t*, i32, void (i32*, i32*, ...)*, ...) @__kmpc_fork_call(%struct.ident_t* %duplicateOmpForkHandle, i32 3, void (i32*, i32*, ...)* %16, i32* %len, i64 %8, i32* %vla), !dbg !56
14 Fork	  call void (%struct.ident_t*, i32, void (i32*, i32*, ...)*, ...) @__kmpc_fork_call(%struct.ident_t* nonnull %.kmpc_loc.addr, i32 3, void (i32*, i32*, ...)* %16, i32* nonnull %len, i64 %8, i32* nonnull %vla) #4, !dbg !56
15 Join	  call void (%struct.ident_t*, i32, void (i32*, i32*, ...)*, ...) @__kmpc_fork_call(%struct.ident_t* %duplicateOmpForkHandle, i32 3, void (i32*, i32*, ...)* %16, i32* %len, i64 %8, i32* %vla), !dbg !56
16 Join	  call void (%struct.ident_t*, i32, void (i32*, i32*, ...)*, ...) @__kmpc_fork_call(%struct.ident_t* nonnull %.kmpc_loc.addr, i32 3, void (i32*, i32*, ...)* %16, i32* nonnull %len, i64 %8, i32* nonnull %vla) #4, !dbg !56
---Thread1  (Spawned by T0:14)
0 Read	  %4 = load i64, i64* %3, align 8, !noalias !29
1 Write	  store i64 %4, i64* %5, align 8, !noalias !29
2 Read	  %6 = load i32, i32* %len, align 4, !dbg !48, !tbaa !49, !noalias !29
3 Write	  store i32 0, i32* %.omp.lb.i, align 4, !dbg !54, !tbaa !49, !noalias !29
4 Write	  store i32 %sub3.i, i32* %.omp.ub.i, align 4, !dbg !54, !tbaa !49, !noalias !29
5 Write	  store i32 1, i32* %.omp.stride.i, align 4, !dbg !54, !tbaa !49, !noalias !29
6 Write	  store i32 0, i32* %.omp.is_last.i, align 4, !dbg !54, !tbaa !49, !noalias !29
7 Write	  store i8* %11, i8** %1, align 8, !dbg !53, !tbaa !55, !noalias !29
8 Read	  %12 = load i32, i32* %.global_tid., align 4, !dbg !53, !tbaa !49, !alias.scope !29
9 ExternCall	  call void @__kmpc_for_static_init_4(%struct.ident_t* nonnull %.kmpc_loc.addr.i, i32 %12, i32 34, i32* nonnull %.omp.is_last.i, i32* nonnull %.omp.lb.i, i32* nonnull %.omp.ub.i, i32* nonnull %.omp.stride.i, i32 1, i32 1) #4, !dbg !53, !noalias !29
10 Read	  %13 = load i32, i32* %.omp.ub.i, align 4, !dbg !54, !tbaa !49, !noalias !29
11 Write	  store i32 %sub3..i, i32* %.omp.ub.i, align 4, !dbg !54, !tbaa !49, !noalias !29
12 Read	  %14 = load i32, i32* %.omp.lb.i, align 4, !dbg !54, !tbaa !49, !noalias !29
13 Read	  %17 = load i32, i32* %16, align 4, !dbg !60, !tbaa !49, !noalias !29
14 Write	  store i32 %add10.i, i32* %18, align 4, !dbg !63, !tbaa !49, !noalias !29
15 Read	  %19 = load i32, i32* %.omp.ub.i, align 4, !dbg !54, !tbaa !49, !noalias !29
16 Write	  store i8* %21, i8** %1, align 8, !dbg !58, !tbaa !55, !noalias !29
17 Read	  %22 = load i32, i32* %.global_tid., align 4, !dbg !58, !tbaa !49, !alias.scope !29
18 ExternCall	  call void @__kmpc_for_static_fini(%struct.ident_t* nonnull %.kmpc_loc.addr.i, i32 %22) #4, !dbg !58, !noalias !29
---Thread2  (Spawned by T0:13)
0 Read	  %4 = load i64, i64* %3, align 8, !noalias !29
1 Write	  store i64 %4, i64* %5, align 8, !noalias !29
2 Read	  %6 = load i32, i32* %len, align 4, !dbg !48, !tbaa !49, !noalias !29
3 Write	  store i32 0, i32* %.omp.lb.i, align 4, !dbg !54, !tbaa !49, !noalias !29
4 Write	  store i32 %sub3.i, i32* %.omp.ub.i, align 4, !dbg !54, !tbaa !49, !noalias !29
5 Write	  store i32 1, i32* %.omp.stride.i, align 4, !dbg !54, !tbaa !49, !noalias !29
6 Write	  store i32 0, i32* %.omp.is_last.i, align 4, !dbg !54, !tbaa !49, !noalias !29
7 Write	  store i8* %11, i8** %1, align 8, !dbg !53, !tbaa !55, !noalias !29
8 Read	  %12 = load i32, i32* %.global_tid., align 4, !dbg !53, !tbaa !49, !alias.scope !29
9 ExternCall	  call void @__kmpc_for_static_init_4(%struct.ident_t* nonnull %.kmpc_loc.addr.i, i32 %12, i32 34, i32* nonnull %.omp.is_last.i, i32* nonnull %.omp.lb.i, i32* nonnull %.omp.ub.i, i32* nonnull %.omp.stride.i, i32 1, i32 1) #4, !dbg !53, !noalias !29
10 Read	  %13 = load i32, i32* %.omp.ub.i, align 4, !dbg !54, !tbaa !49, !noalias !29
11 Write	  store i32 %sub3..i, i32* %.omp.ub.i, align 4, !dbg !54, !tbaa !49, !noalias !29
12 Read	  %14 = load i32, i32* %.omp.lb.i, align 4, !dbg !54, !tbaa !49, !noalias !29
13 Read	  %17 = load i32, i32* %16, align 4, !dbg !60, !tbaa !49, !noalias !29
14 Write	  store i32 %add10.i, i32* %18, align 4, !dbg !63, !tbaa !49, !noalias !29
15 Read	  %19 = load i32, i32* %.omp.ub.i, align 4, !dbg !54, !tbaa !49, !noalias !29
16 Write	  store i8* %21, i8** %1, align 8, !dbg !58, !tbaa !55, !noalias !29
17 Read	  %22 = load i32, i32* %.global_tid., align 4, !dbg !58, !tbaa !49, !alias.scope !29
18 ExternCall	  call void @__kmpc_for_static_fini(%struct.ident_t* nonnull %.kmpc_loc.addr.i, i32 %22) #4, !dbg !58, !noalias !29unsure so reporting alias
unsure so reporting alias

========================

===== Program Trace =====
---Thread0
0 Read	  %3 = load i64, i64* %2, align 8
1 Write	  store i64 %3, i64* %4, align 8
2 Write	  store i32 20, i32* %len, align 4, !dbg !27, !tbaa !28
3 Read	  %7 = load i32, i32* %len, align 4, !dbg !34, !tbaa !28
4 Read	  %8 = load i32, i32* %len, align 4, !dbg !39, !tbaa !28
5 Write	  store double 5.000000e-01, double* %10, align 8, !dbg !45, !tbaa !46
6 Read	  %11 = load i32, i32* %len, align 4, !dbg !39, !tbaa !28
7 Read	  %13 = load i32, i32* %len, align 4, !dbg !34, !tbaa !28
8 Write	  store i8* %15, i8** %0, align 8, !dbg !54, !tbaa !55
9 Fork	  call void (%struct.ident_t*, i32, void (i32*, i32*, ...)*, ...) @__kmpc_fork_call(%struct.ident_t* %duplicateOmpForkHandle, i32 2, void (i32*, i32*, ...)* %16, i32* %len, [20 x [20 x double]]* %a), !dbg !54
10 Fork	  call void (%struct.ident_t*, i32, void (i32*, i32*, ...)*, ...) @__kmpc_fork_call(%struct.ident_t* nonnull %.kmpc_loc.addr, i32 2, void (i32*, i32*, ...)* %16, i32* nonnull %len, [20 x [20 x double]]* nonnull %a) #5, !dbg !54
11 Join	  call void (%struct.ident_t*, i32, void (i32*, i32*, ...)*, ...) @__kmpc_fork_call(%struct.ident_t* %duplicateOmpForkHandle, i32 2, void (i32*, i32*, ...)* %16, i32* %len, [20 x [20 x double]]* %a), !dbg !54
12 Join	  call void (%struct.ident_t*, i32, void (i32*, i32*, ...)*, ...) @__kmpc_fork_call(%struct.ident_t* nonnull %.kmpc_loc.addr, i32 2, void (i32*, i32*, ...)* %16, i32* nonnull %len, [20 x [20 x double]]* nonnull %a) #5, !dbg !54
13 Read	  %17 = load double, double* %arrayidx10, align 16, !dbg !58, !tbaa !46
---Thread1  (Spawned by T0:10)
0 Read	  %4 = load i64, i64* %3, align 8, !noalias !27
1 Write	  store i64 %4, i64* %5, align 8, !noalias !27
2 Read	  %6 = load i32, i32* %len, align 4, !dbg !46, !tbaa !47, !noalias !27
3 Write	  store i32 0, i32* %.omp.lb.i, align 4, !dbg !52, !tbaa !47, !noalias !27
4 Write	  store i32 %sub3.i, i32* %.omp.ub.i, align 4, !dbg !52, !tbaa !47, !noalias !27
5 Write	  store i32 1, i32* %.omp.stride.i, align 4, !dbg !52, !tbaa !47, !noalias !27
6 Write	  store i32 0, i32* %.omp.is_last.i, align 4, !dbg !52, !tbaa !47, !noalias !27
7 Write	  store i8* %11, i8** %1, align 8, !dbg !51, !tbaa !53, !noalias !27
8 Read	  %12 = load i32, i32* %.global_tid., align 4, !dbg !51, !tbaa !47, !alias.scope !27
9 ExternCall	  call void @__kmpc_for_static_init_4(%struct.ident_t* nonnull %.kmpc_loc.addr.i, i32 %12, i32 34, i32* nonnull %.omp.is_last.i, i32* nonnull %.omp.lb.i, i32* nonnull %.omp.ub.i, i32* nonnull %.omp.stride.i, i32 1, i32 1) #5, !dbg !51, !noalias !27
10 Read	  %13 = load i32, i32* %.omp.ub.i, align 4, !dbg !52, !tbaa !47, !noalias !27
11 Write	  store i32 %sub3..i, i32* %.omp.ub.i, align 4, !dbg !52, !tbaa !47, !noalias !27
12 Read	  %14 = load i32, i32* %.omp.lb.i, align 4, !dbg !52, !tbaa !47, !noalias !27
13 Read	  %16 = load i32, i32* %.omp.ub.i, align 4, !dbg !52, !tbaa !47, !noalias !27
14 Read	  %18 = load i32, i32* %len, align 4, !dbg !59, !tbaa !47, !noalias !27
15 Read	  %21 = load double, double* %20, align 8, !dbg !65, !tbaa !67, !noalias !27
16 Read	  %24 = load double, double* %23, align 8, !dbg !70, !tbaa !67, !noalias !27
17 Write	  store double %add17.i, double* %23, align 8, !dbg !70, !tbaa !67, !noalias !27
18 Read	  %25 = load i32, i32* %len, align 4, !dbg !59, !tbaa !47, !noalias !27
19 Write	  store i8* %27, i8** %1, align 8, !dbg !63, !tbaa !53, !noalias !27
20 Read	  %28 = load i32, i32* %.global_tid., align 4, !dbg !63, !tbaa !47, !alias.scope !27
21 ExternCall	  call void @__kmpc_for_static_fini(%struct.ident_t* nonnull %.kmpc_loc.addr.i, i32 %28) #5, !dbg !63, !noalias !27
---Thread2  (Spawned by T0:9)
0 Read	  %4 = load i64, i64* %3, align 8, !noalias !27
1 Write	  store i64 %4, i64* %5, align 8, !noalias !27
2 Read	  %6 = load i32, i32* %len, align 4, !dbg !46, !tbaa !47, !noalias !27
3 Write	  store i32 0, i32* %.omp.lb.i, align 4, !dbg !52, !tbaa !47, !noalias !27
4 Write	  store i32 %sub3.i, i32* %.omp.ub.i, align 4, !dbg !52, !tbaa !47, !noalias !27
5 Write	  store i32 1, i32* %.omp.stride.i, align 4, !dbg !52, !tbaa !47, !noalias !27
6 Write	  store i32 0, i32* %.omp.is_last.i, align 4, !dbg !52, !tbaa !47, !noalias !27
7 Write	  store i8* %11, i8** %1, align 8, !dbg !51, !tbaa !53, !noalias !27
8 Read	  %12 = load i32, i32* %.global_tid., align 4, !dbg !51, !tbaa !47, !alias.scope !27
9 ExternCall	  call void @__kmpc_for_static_init_4(%struct.ident_t* nonnull %.kmpc_loc.addr.i, i32 %12, i32 34, i32* nonnull %.omp.is_last.i, i32* nonnull %.omp.lb.i, i32* nonnull %.omp.ub.i, i32* nonnull %.omp.stride.i, i32 1, i32 1) #5, !dbg !51, !noalias !27
10 Read	  %13 = load i32, i32* %.omp.ub.i, align 4, !dbg !52, !tbaa !47, !noalias !27
11 Write	  store i32 %sub3..i, i32* %.omp.ub.i, align 4, !dbg !52, !tbaa !47, !noalias !27
12 Read	  %14 = load i32, i32* %.omp.lb.i, align 4, !dbg !52, !tbaa !47, !noalias !27
13 Read	  %16 = load i32, i32* %.omp.ub.i, align 4, !dbg !52, !tbaa !47, !noalias !27
14 Read	  %18 = load i32, i32* %len, align 4, !dbg !59, !tbaa !47, !noalias !27
15 Read	  %21 = load double, double* %20, align 8, !dbg !65, !tbaa !67, !noalias !27
16 Read	  %24 = load double, double* %23, align 8, !dbg !70, !tbaa !67, !noalias !27
17 Write	  store double %add17.i, double* %23, align 8, !dbg !70, !tbaa !67, !noalias !27
18 Read	  %25 = load i32, i32* %len, align 4, !dbg !59, !tbaa !47, !noalias !27
19 Write	  store i8* %27, i8** %1, align 8, !dbg !63, !tbaa !53, !noalias !27
20 Read	  %28 = load i32, i32* %.global_tid., align 4, !dbg !63, !tbaa !47, !alias.scope !27
21 ExternCall	  call void @__kmpc_for_static_fini(%struct.ident_t* nonnull %.kmpc_loc.addr.i, i32 %28) #5, !dbg !63, !noalias !27
========================

===== Program Trace =====
---Thread0
0 Read	  %3 = load i64, i64* %2, align 8
1 Write	  store i64 %3, i64* %4, align 8
2 Write	  store i32 20, i32* %len, align 4, !dbg !33, !tbaa !34
3 Read	  %6 = load i8*, i8** %arrayidx, align 8, !dbg !41, !tbaa !42
4 Call	  %call = call i32 @atoi(i8* %6) #7, !dbg !44
5 ExternCall	  %call = call i64 @strtol(i8* nocapture nonnull %__nptr, i8** null, i32 10) #4, !dbg !22
6 EndCall	  %call = call i32 @atoi(i8* %6) #7, !dbg !44
7 Write	  store i32 %call, i32* %len, align 4, !dbg !45, !tbaa !34
8 Read	  %7 = load i32, i32* %len, align 4, !dbg !47, !tbaa !34
9 Read	  %11 = load i32, i32* %len, align 4, !dbg !50, !tbaa !34
10 Read	  %12 = load i32, i32* %len, align 4, !dbg !55, !tbaa !34
11 Write	  store double 5.000000e-01, double* %15, align 8, !dbg !62, !tbaa !63
12 Read	  %16 = load i32, i32* %len, align 4, !dbg !55, !tbaa !34
13 Read	  %18 = load i32, i32* %len, align 4, !dbg !50, !tbaa !34
14 Write	  store i8* %20, i8** %0, align 8, !dbg !71, !tbaa !72
15 Fork	  call void (%struct.ident_t*, i32, void (i32*, i32*, ...)*, ...) @__kmpc_fork_call(%struct.ident_t* %duplicateOmpForkHandle, i32 4, void (i32*, i32*, ...)* %21, i32* %len, i64 %8, i64 %8, double* %vla), !dbg !71
16 Fork	  call void (%struct.ident_t*, i32, void (i32*, i32*, ...)*, ...) @__kmpc_fork_call(%struct.ident_t* nonnull %.kmpc_loc.addr, i32 4, void (i32*, i32*, ...)* %21, i32* nonnull %len, i64 %8, i64 %8, double* nonnull %vla) #4, !dbg !71
17 Join	  call void (%struct.ident_t*, i32, void (i32*, i32*, ...)*, ...) @__kmpc_fork_call(%struct.ident_t* %duplicateOmpForkHandle, i32 4, void (i32*, i32*, ...)* %21, i32* %len, i64 %8, i64 %8, double* %vla), !dbg !71
18 Join	  call void (%struct.ident_t*, i32, void (i32*, i32*, ...)*, ...) @__kmpc_fork_call(%struct.ident_t* nonnull %.kmpc_loc.addr, i32 4, void (i32*, i32*, ...)* %21, i32* nonnull %len, i64 %8, i64 %8, double* nonnull %vla) #4, !dbg !71
---Thread1  (Spawned by T0:16)
0 Read	  %4 = load i64, i64* %3, align 8, !noalias !32
1 Write	  store i64 %4, i64* %5, align 8, !noalias !32
2 Read	  %6 = load i32, i32* %len, align 4, !dbg !53, !tbaa !54, !noalias !32
3 Write	  store i32 0, i32* %.omp.lb.i, align 4, !dbg !59, !tbaa !54, !noalias !32
4 Write	  store i32 %sub5.i, i32* %.omp.ub.i, align 4, !dbg !59, !tbaa !54, !noalias !32
5 Write	  store i32 1, i32* %.omp.stride.i, align 4, !dbg !59, !tbaa !54, !noalias !32
6 Write	  store i32 0, i32* %.omp.is_last.i, align 4, !dbg !59, !tbaa !54, !noalias !32
7 Write	  store i8* %11, i8** %1, align 8, !dbg !58, !tbaa !60, !noalias !32
8 Read	  %12 = load i32, i32* %.global_tid., align 4, !dbg !58, !tbaa !54, !alias.scope !32
9 ExternCall	  call void @__kmpc_for_static_init_4(%struct.ident_t* nonnull %.kmpc_loc.addr.i, i32 %12, i32 34, i32* nonnull %.omp.is_last.i, i32* nonnull %.omp.lb.i, i32* nonnull %.omp.ub.i, i32* nonnull %.omp.stride.i, i32 1, i32 1) #4, !dbg !58, !noalias !32
10 Read	  %13 = load i32, i32* %.omp.ub.i, align 4, !dbg !59, !tbaa !54, !noalias !32
11 Write	  store i32 %sub5..i, i32* %.omp.ub.i, align 4, !dbg !59, !tbaa !54, !noalias !32
12 Read	  %14 = load i32, i32* %.omp.lb.i, align 4, !dbg !59, !tbaa !54, !noalias !32
13 Read	  %16 = load i32, i32* %.omp.ub.i, align 4, !dbg !59, !tbaa !54, !noalias !32
14 Read	  %18 = load i32, i32* %len, align 4, !dbg !66, !tbaa !54, !noalias !32
15 Read	  %24 = load double, double* %23, align 8, !dbg !74, !tbaa !75, !noalias !32
16 Read	  %26 = load double, double* %25, align 8, !dbg !78, !tbaa !75, !noalias !32
17 Write	  store double %add19.i, double* %25, align 8, !dbg !78, !tbaa !75, !noalias !32
18 Read	  %27 = load i32, i32* %len, align 4, !dbg !66, !tbaa !54, !noalias !32
19 Write	  store i8* %29, i8** %1, align 8, !dbg !70, !tbaa !60, !noalias !32
20 Read	  %30 = load i32, i32* %.global_tid., align 4, !dbg !70, !tbaa !54, !alias.scope !32
21 ExternCall	  call void @__kmpc_for_static_fini(%struct.ident_t* nonnull %.kmpc_loc.addr.i, i32 %30) #4, !dbg !70, !noalias !32
---Thread2  (Spawned by T0:15)
0 Read	  %4 = load i64, i64* %3, align 8, !noalias !32
1 Write	  store i64 %4, i64* %5, align 8, !noalias !32
2 Read	  %6 = load i32, i32* %len, align 4, !dbg !53, !tbaa !54, !noalias !32
3 Write	  store i32 0, i32* %.omp.lb.i, align 4, !dbg !59, !tbaa !54, !noalias !32
4 Write	  store i32 %sub5.i, i32* %.omp.ub.i, align 4, !dbg !59, !tbaa !54, !noalias !32
5 Write	  store i32 1, i32* %.omp.stride.i, align 4, !dbg !59, !tbaa !54, !noalias !32
6 Write	  store i32 0, i32* %.omp.is_last.i, align 4, !dbg !59, !tbaa !54, !noalias !32
7 Write	  store i8* %11, i8** %1, align 8, !dbg !58, !tbaa !60, !noalias !32
8 Read	  %12 = load i32, i32* %.global_tid., align 4, !dbg !58, !tbaa !54, !alias.scope !32
9 ExternCall	  call void @__kmpc_for_static_init_4(%struct.ident_t* nonnull %.kmpc_loc.addr.i, i32 %12, i32 34, i32* nonnull %.omp.is_last.i, i32* nonnull %.omp.lb.i, i32* nonnull %.omp.ub.i, i32* nonnull %.omp.stride.i, i32 1, i32 1) #4, !dbg !58, !noalias !32
10 Read	  %13 = load i32, i32* %.omp.ub.i, align 4, !dbg !59, !tbaa !54, !noalias !32
11 Write	  store i32 %sub5..i, i32* %.omp.ub.i, align 4, !dbg !59, !tbaa !54, !noalias !32
12 Read	  %14 = load i32, i32* %.omp.lb.i, align 4, !dbg !59, !tbaa !54, !noalias !32
13 Read	  %16 = load i32, i32* %.omp.ub.i, align 4, !dbg !59, !tbaa !54, !noalias !32
14 Read	  %18 = load i32, i32* %len, align 4, !dbg !66, !tbaa !54, !noalias !32
15 Read	  %24 = load double, double* %23, align 8, !dbg !74, !tbaa !75, !noalias !32
16 Read	  %26 = load double, double* %25, align 8, !dbg !78, !tbaa !75, !noalias !32
17 Write	  store double %add19.i, double* %25, align 8, !dbg !78, !tbaa !75, !noalias !32
18 Read	  %27 = load i32, i32* %len, align 4, !dbg !66, !tbaa !54, !noalias !32
19 Write	  store i8* %29, i8** %1, align 8, !dbg !70, !tbaa !60, !noalias !32
20 Read	  %30 = load i32, i32* %.global_tid., align 4, !dbg !70, !tbaa !54, !alias.scope !32
21 ExternCall	  call void @__kmpc_for_static_fini(%struct.ident_t* nonnull %.kmpc_loc.addr.i, i32 %30) #4, !dbg !70, !noalias !32
========================

===== Program Trace =====
---Thread0
0 Read	  %3 = load i64, i64* %2, align 8
1 Write	  store i64 %3, i64* %4, align 8
2 Write	  store i32 10000, i32* %len, align 4, !dbg !23, !tbaa !24
3 Write	  store i8* %7, i8** %0, align 8, !dbg !28, !tbaa !29
4 Fork	  call void (%struct.ident_t*, i32, void (i32*, i32*, ...)*, ...) @__kmpc_fork_call(%struct.ident_t* %duplicateOmpForkHandle, i32 2, void (i32*, i32*, ...)* %8, i32* %len, i32* %x), !dbg !28
5 Fork	  call void (%struct.ident_t*, i32, void (i32*, i32*, ...)*, ...) @__kmpc_fork_call(%struct.ident_t* nonnull %.kmpc_loc.addr, i32 2, void (i32*, i32*, ...)* %8, i32* nonnull %len, i32* nonnull %x) #5, !dbg !28
6 Join	  call void (%struct.ident_t*, i32, void (i32*, i32*, ...)*, ...) @__kmpc_fork_call(%struct.ident_t* %duplicateOmpForkHandle, i32 2, void (i32*, i32*, ...)* %8, i32* %len, i32* %x), !dbg !28
7 Join	  call void (%struct.ident_t*, i32, void (i32*, i32*, ...)*, ...) @__kmpc_fork_call(%struct.ident_t* nonnull %.kmpc_loc.addr, i32 2, void (i32*, i32*, ...)* %8, i32* nonnull %len, i32* nonnull %x) #5, !dbg !28
8 Read	  %9 = load i32, i32* %x, align 4, !dbg !32, !tbaa !24
---Thread1  (Spawned by T0:5)
0 Read	  %4 = load i64, i64* %3, align 8, !noalias !22
1 Write	  store i64 %4, i64* %5, align 8, !noalias !22
2 Read	  %6 = load i32, i32* %len, align 4, !dbg !40, !tbaa !41, !noalias !22
3 Write	  store i32 0, i32* %.omp.lb.i, align 4, !dbg !46, !tbaa !41, !noalias !22
4 Write	  store i32 %sub2.i, i32* %.omp.ub.i, align 4, !dbg !46, !tbaa !41, !noalias !22
5 Write	  store i32 1, i32* %.omp.stride.i, align 4, !dbg !46, !tbaa !41, !noalias !22
6 Write	  store i32 0, i32* %.omp.is_last.i, align 4, !dbg !46, !tbaa !41, !noalias !22
7 Write	  store i8* %11, i8** %1, align 8, !dbg !45, !tbaa !47, !noalias !22
8 Read	  %12 = load i32, i32* %.global_tid., align 4, !dbg !45, !tbaa !41, !alias.scope !22
9 ExternCall	  call void @__kmpc_for_static_init_4(%struct.ident_t* nonnull %.kmpc_loc.addr.i, i32 %12, i32 34, i32* nonnull %.omp.is_last.i, i32* nonnull %.omp.lb.i, i32* nonnull %.omp.ub.i, i32* nonnull %.omp.stride.i, i32 1, i32 1) #5, !dbg !45, !noalias !22
10 Read	  %13 = load i32, i32* %.omp.ub.i, align 4, !dbg !46, !tbaa !41, !noalias !22
11 Write	  store i32 %sub2..i, i32* %.omp.ub.i, align 4, !dbg !46, !tbaa !41, !noalias !22
12 Read	  %14 = load i32, i32* %.omp.lb.i, align 4, !dbg !46, !tbaa !41, !noalias !22
13 Write	  store i32 %.omp.iv.014.i, i32* %x, align 4, !dbg !51, !tbaa !41, !noalias !22
14 Read	  %15 = load i32, i32* %.omp.ub.i, align 4, !dbg !46, !tbaa !41, !noalias !22
15 Write	  store i8* %16, i8** %1, align 8, !dbg !50, !tbaa !47, !noalias !22
16 Read	  %17 = load i32, i32* %.global_tid., align 4, !dbg !50, !tbaa !41, !alias.scope !22
17 ExternCall	  call void @__kmpc_for_static_fini(%struct.ident_t* nonnull %.kmpc_loc.addr.i, i32 %17) #5, !dbg !50, !noalias !22
---Thread2  (Spawned by T0:4)
0 Read	  %4 = load i64, i64* %3, align 8, !noalias !22
1 Write	  store i64 %4, i64* %5, align 8, !noalias !22
2 Read	  %6 = load i32, i32* %len, align 4, !dbg !40, !tbaa !41, !noalias !22
3 Write	  store i32 0, i32* %.omp.lb.i, align 4, !dbg !46, !tbaa !41, !noalias !22
4 Write	  store i32 %sub2.i, i32* %.omp.ub.i, align 4, !dbg !46, !tbaa !41, !noalias !22
5 Write	  store i32 1, i32* %.omp.stride.i, align 4, !dbg !46, !tbaa !41, !noalias !22
6 Write	  store i32 0, i32* %.omp.is_last.i, align 4, !dbg !46, !tbaa !41, !noalias !22
7 Write	  store i8* %11, i8** %1, align 8, !dbg !45, !tbaa !47, !noalias !22
8 Read	  %12 = load i32, i32* %.global_tid., align 4, !dbg !45, !tbaa !41, !alias.scope !22
9 ExternCall	  call void @__kmpc_for_static_init_4(%struct.ident_t* nonnull %.kmpc_loc.addr.i, i32 %12, i32 34, i32* nonnull %.omp.is_last.i, i32* nonnull %.omp.lb.i, i32* nonnull %.omp.ub.i, i32* nonnull %.omp.stride.i, i32 1, i32 1) #5, !dbg !45, !noalias !22
10 Read	  %13 = load i32, i32* %.omp.ub.i, align 4, !dbg !46, !tbaa !41, !noalias !22
11 Write	  store i32 %sub2..i, i32* %.omp.ub.i, align 4, !dbg !46, !tbaa !41, !noalias !22
12 Read	  %14 = load i32, i32* %.omp.lb.i, align 4, !dbg !46, !tbaa !41, !noalias !22
13 Write	  store i32 %.omp.iv.014.i, i32* %x, align 4, !dbg !51, !tbaa !41, !noalias !22
14 Read	  %15 = load i32, i32* %.omp.ub.i, align 4, !dbg !46, !tbaa !41, !noalias !22
15 Write	  store i8* %16, i8** %1, align 8, !dbg !50, !tbaa !47, !noalias !22
16 Read	  %17 = load i32, i32* %.global_tid., align 4, !dbg !50, !tbaa !41, !alias.scope !22
17 ExternCall	  call void @__kmpc_for_static_fini(%struct.ident_t* nonnull %.kmpc_loc.addr.i, i32 %17) #5, !dbg !50, !noalias !22
========================

===== Program Trace =====
---Thread0
0 Read	  %3 = load i64, i64* %2, align 8
1 Write	  store i64 %3, i64* %4, align 8
2 Write	  store i32 10000, i32* %len, align 4, !dbg !25, !tbaa !26
3 Read	  %7 = load i8*, i8** %arrayidx, align 8, !dbg !33, !tbaa !34
4 Call	  %call = call i32 @atoi(i8* %7) #8, !dbg !36
5 ExternCall	  %call = call i64 @strtol(i8* nocapture nonnull %__nptr, i8** null, i32 10) #7, !dbg !22
6 EndCall	  %call = call i32 @atoi(i8* %7) #8, !dbg !36
7 Write	  store i32 %call, i32* %len, align 4, !dbg !37, !tbaa !26
8 Write	  store i8* %8, i8** %0, align 8, !dbg !39, !tbaa !40
9 Fork	  call void (%struct.ident_t*, i32, void (i32*, i32*, ...)*, ...) @__kmpc_fork_call(%struct.ident_t* %duplicateOmpForkHandle, i32 2, void (i32*, i32*, ...)* %9, i32* %len, i32* %x), !dbg !39
10 Fork	  call void (%struct.ident_t*, i32, void (i32*, i32*, ...)*, ...) @__kmpc_fork_call(%struct.ident_t* nonnull %.kmpc_loc.addr, i32 2, void (i32*, i32*, ...)* %9, i32* nonnull %len, i32* nonnull %x) #7, !dbg !39
11 Join	  call void (%struct.ident_t*, i32, void (i32*, i32*, ...)*, ...) @__kmpc_fork_call(%struct.ident_t* %duplicateOmpForkHandle, i32 2, void (i32*, i32*, ...)* %9, i32* %len, i32* %x), !dbg !39
12 Join	  call void (%struct.ident_t*, i32, void (i32*, i32*, ...)*, ...) @__kmpc_fork_call(%struct.ident_t* nonnull %.kmpc_loc.addr, i32 2, void (i32*, i32*, ...)* %9, i32* nonnull %len, i32* nonnull %x) #7, !dbg !39
13 Read	  %10 = load i32, i32* %x, align 4, !dbg !42, !tbaa !26
---Thread1  (Spawned by T0:10)
0 Read	  %4 = load i64, i64* %3, align 8, !noalias !27
1 Write	  store i64 %4, i64* %5, align 8, !noalias !27
2 Read	  %6 = load i32, i32* %len, align 4, !dbg !45, !tbaa !46, !noalias !27
3 Write	  store i32 0, i32* %.omp.lb.i, align 4, !dbg !51, !tbaa !46, !noalias !27
4 Write	  store i32 %sub2.i, i32* %.omp.ub.i, align 4, !dbg !51, !tbaa !46, !noalias !27
5 Write	  store i32 1, i32* %.omp.stride.i, align 4, !dbg !51, !tbaa !46, !noalias !27
6 Write	  store i32 0, i32* %.omp.is_last.i, align 4, !dbg !51, !tbaa !46, !noalias !27
7 Write	  store i8* %11, i8** %1, align 8, !dbg !50, !tbaa !52, !noalias !27
8 Read	  %12 = load i32, i32* %.global_tid., align 4, !dbg !50, !tbaa !46, !alias.scope !27
9 ExternCall	  call void @__kmpc_for_static_init_4(%struct.ident_t* nonnull %.kmpc_loc.addr.i, i32 %12, i32 34, i32* nonnull %.omp.is_last.i, i32* nonnull %.omp.lb.i, i32* nonnull %.omp.ub.i, i32* nonnull %.omp.stride.i, i32 1, i32 1) #7, !dbg !50, !noalias !27
10 Read	  %13 = load i32, i32* %.omp.ub.i, align 4, !dbg !51, !tbaa !46, !noalias !27
11 Write	  store i32 %sub2..i, i32* %.omp.ub.i, align 4, !dbg !51, !tbaa !46, !noalias !27
12 Read	  %14 = load i32, i32* %.omp.lb.i, align 4, !dbg !51, !tbaa !46, !noalias !27
13 Write	  store i32 %.omp.iv.014.i, i32* %x, align 4, !dbg !56, !tbaa !46, !noalias !27
14 Read	  %15 = load i32, i32* %.omp.ub.i, align 4, !dbg !51, !tbaa !46, !noalias !27
15 Write	  store i8* %16, i8** %1, align 8, !dbg !55, !tbaa !52, !noalias !27
16 Read	  %17 = load i32, i32* %.global_tid., align 4, !dbg !55, !tbaa !46, !alias.scope !27
17 ExternCall	  call void @__kmpc_for_static_fini(%struct.ident_t* nonnull %.kmpc_loc.addr.i, i32 %17) #7, !dbg !55, !noalias !27
---Thread2  (Spawned by T0:9)
0 Read	  %4 = load i64, i64* %3, align 8, !noalias !27
1 Write	  store i64 %4, i64* %5, align 8, !noalias !27
2 Read	  %6 = load i32, i32* %len, align 4, !dbg !45, !tbaa !46, !noalias !27
3 Write	  store i32 0, i32* %.omp.lb.i, align 4, !dbg !51, !tbaa !46, !noalias !27
4 Write	  store i32 %sub2.i, i32* %.omp.ub.i, align 4, !dbg !51, !tbaa !46, !noalias !27
5 Write	  store i32 1, i32* %.omp.stride.i, align 4, !dbg !51, !tbaa !46, !noalias !27
6 Write	  store i32 0, i32* %.omp.is_last.i, align 4, !dbg !51, !tbaa !46, !noalias !27
7 Write	  store i8* %11, i8** %1, align 8, !dbg !50, !tbaa !52, !noalias !27
8 Read	  %12 = load i32, i32* %.global_tid., align 4, !dbg !50, !tbaa !46, !alias.scope !27
9 ExternCall	  call void @__kmpc_for_static_init_4(%struct.ident_t* nonnull %.kmpc_loc.addr.i, i32 %12, i32 34, i32* nonnull %.omp.is_last.i, i32* nonnull %.omp.lb.i, i32* nonnull %.omp.ub.i, i32* nonnull %.omp.stride.i, i32 1, i32 1) #7, !dbg !50, !noalias !27
10 Read	  %13 = load i32, i32* %.omp.ub.i, align 4, !dbg !51, !tbaa !46, !noalias !27
11 Write	  store i32 %sub2..i, i32* %.omp.ub.i, align 4, !dbg !51, !tbaa !46, !noalias !27
12 Read	  %14 = load i32, i32* %.omp.lb.i, align 4, !dbg !51, !tbaa !46, !noalias !27
13 Write	  store i32 %.omp.iv.014.i, i32* %x, align 4, !dbg !56, !tbaa !46, !noalias !27
14 Read	  %15 = load i32, i32* %.omp.ub.i, align 4, !dbg !51, !tbaa !46, !noalias !27
15 Write	  store i8* %16, i8** %1, align 8, !dbg !55, !tbaa !52, !noalias !27
16 Read	  %17 = load i32, i32* %.global_tid., align 4, !dbg !55, !tbaa !46, !alias.scope !27
17 ExternCall	  call void @__kmpc_for_static_fini(%struct.ident_t* nonnull %.kmpc_loc.addr.i, i32 %17) #7, !dbg !55, !noalias !27
========================

===== Program Trace =====
---Thread0
0 Read	  %3 = load i64, i64* %2, align 8
1 Write	  store i64 %3, i64* %4, align 8
2 Write	  store i32 100, i32* %numNodes, align 4, !dbg !27, !tbaa !28
3 Write	  store i32 0, i32* %numNodes2, align 4, !dbg !32, !tbaa !28
4 Write	  store i32 %., i32* %9, align 4, !dbg !42, !tbaa !28
5 Write	  store i8* %10, i8** %0, align 8, !dbg !47, !tbaa !48
6 Fork	  call void (%struct.ident_t*, i32, void (i32*, i32*, ...)*, ...) @__kmpc_fork_call(%struct.ident_t* %duplicateOmpForkHandle, i32 3, void (i32*, i32*, ...)* %11, i32* %numNodes, [100 x i32]* %x, i32* %numNodes2), !dbg !47
7 Fork	  call void (%struct.ident_t*, i32, void (i32*, i32*, ...)*, ...) @__kmpc_fork_call(%struct.ident_t* nonnull %.kmpc_loc.addr, i32 3, void (i32*, i32*, ...)* %11, i32* nonnull %numNodes, [100 x i32]* nonnull %x, i32* nonnull %numNodes2) #5, !dbg !47
8 Join	  call void (%struct.ident_t*, i32, void (i32*, i32*, ...)*, ...) @__kmpc_fork_call(%struct.ident_t* %duplicateOmpForkHandle, i32 3, void (i32*, i32*, ...)* %11, i32* %numNodes, [100 x i32]* %x, i32* %numNodes2), !dbg !47
9 Join	  call void (%struct.ident_t*, i32, void (i32*, i32*, ...)*, ...) @__kmpc_fork_call(%struct.ident_t* nonnull %.kmpc_loc.addr, i32 3, void (i32*, i32*, ...)* %11, i32* nonnull %numNodes, [100 x i32]* nonnull %x, i32* nonnull %numNodes2) #5, !dbg !47
10 Read	  %12 = load i32, i32* %numNodes2, align 4, !dbg !51, !tbaa !28
---Thread1  (Spawned by T0:7)
0 Read	  %4 = load i64, i64* %3, align 8, !noalias !27
1 Write	  store i64 %4, i64* %5, align 8, !noalias !27
2 Read	  %6 = load i32, i32* %numNodes, align 4, !dbg !46, !tbaa !47, !noalias !27
3 Write	  store i32 0, i32* %.omp.lb.i, align 4, !dbg !52, !tbaa !47, !noalias !27
4 Write	  store i32 %sub3.i, i32* %.omp.ub.i, align 4, !dbg !52, !tbaa !47, !noalias !27
5 Write	  store i32 1, i32* %.omp.stride.i, align 4, !dbg !52, !tbaa !47, !noalias !27
6 Write	  store i32 0, i32* %.omp.is_last.i, align 4, !dbg !52, !tbaa !47, !noalias !27
7 Write	  store i8* %11, i8** %1, align 8, !dbg !51, !tbaa !53, !noalias !27
8 Read	  %12 = load i32, i32* %.global_tid., align 4, !dbg !51, !tbaa !47, !alias.scope !27
9 ExternCall	  call void @__kmpc_for_static_init_4(%struct.ident_t* nonnull %.kmpc_loc.addr.i, i32 %12, i32 34, i32* nonnull %.omp.is_last.i, i32* nonnull %.omp.lb.i, i32* nonnull %.omp.ub.i, i32* nonnull %.omp.stride.i, i32 1, i32 1) #5, !dbg !51, !noalias !27
10 Read	  %13 = load i32, i32* %.omp.ub.i, align 4, !dbg !52, !tbaa !47, !noalias !27
11 Write	  store i32 %sub3..i, i32* %.omp.ub.i, align 4, !dbg !52, !tbaa !47, !noalias !27
12 Read	  %14 = load i32, i32* %.omp.lb.i, align 4, !dbg !52, !tbaa !47, !noalias !27
13 Read	  %19 = load i32, i32* %18, align 4, !dbg !58, !tbaa !47, !noalias !27
14 Read	  %20 = load i32, i32* %numNodes2, align 4, !dbg !63, !tbaa !47, !noalias !27
15 Write	  store i32 %dec.i, i32* %numNodes2, align 4, !dbg !63, !tbaa !47, !noalias !27
16 Read	  %21 = load i32, i32* %.omp.ub.i, align 4, !dbg !52, !tbaa !47, !noalias !27
17 Write	  store i8* %23, i8** %1, align 8, !dbg !56, !tbaa !53, !noalias !27
18 Read	  %24 = load i32, i32* %.global_tid., align 4, !dbg !56, !tbaa !47, !alias.scope !27
19 ExternCall	  call void @__kmpc_for_static_fini(%struct.ident_t* nonnull %.kmpc_loc.addr.i, i32 %24) #5, !dbg !56, !noalias !27
---Thread2  (Spawned by T0:6)
0 Read	  %4 = load i64, i64* %3, align 8, !noalias !27
1 Write	  store i64 %4, i64* %5, align 8, !noalias !27
2 Read	  %6 = load i32, i32* %numNodes, align 4, !dbg !46, !tbaa !47, !noalias !27
3 Write	  store i32 0, i32* %.omp.lb.i, align 4, !dbg !52, !tbaa !47, !noalias !27
4 Write	  store i32 %sub3.i, i32* %.omp.ub.i, align 4, !dbg !52, !tbaa !47, !noalias !27
5 Write	  store i32 1, i32* %.omp.stride.i, align 4, !dbg !52, !tbaa !47, !noalias !27
6 Write	  store i32 0, i32* %.omp.is_last.i, align 4, !dbg !52, !tbaa !47, !noalias !27
7 Write	  store i8* %11, i8** %1, align 8, !dbg !51, !tbaa !53, !noalias !27
8 Read	  %12 = load i32, i32* %.global_tid., align 4, !dbg !51, !tbaa !47, !alias.scope !27
9 ExternCall	  call void @__kmpc_for_static_init_4(%struct.ident_t* nonnull %.kmpc_loc.addr.i, i32 %12, i32 34, i32* nonnull %.omp.is_last.i, i32* nonnull %.omp.lb.i, i32* nonnull %.omp.ub.i, i32* nonnull %.omp.stride.i, i32 1, i32 1) #5, !dbg !51, !noalias !27
10 Read	  %13 = load i32, i32* %.omp.ub.i, align 4, !dbg !52, !tbaa !47, !noalias !27
11 Write	  store i32 %sub3..i, i32* %.omp.ub.i, align 4, !dbg !52, !tbaa !47, !noalias !27
12 Read	  %14 = load i32, i32* %.omp.lb.i, align 4, !dbg !52, !tbaa !47, !noalias !27
13 Read	  %19 = load i32, i32* %18, align 4, !dbg !58, !tbaa !47, !noalias !27
14 Read	  %20 = load i32, i32* %numNodes2, align 4, !dbg !63, !tbaa !47, !noalias !27
15 Write	  store i32 %dec.i, i32* %numNodes2, align 4, !dbg !63, !tbaa !47, !noalias !27
16 Read	  %21 = load i32, i32* %.omp.ub.i, align 4, !dbg !52, !tbaa !47, !noalias !27
17 Write	  store i8* %23, i8** %1, align 8, !dbg !56, !tbaa !53, !noalias !27
18 Read	  %24 = load i32, i32* %.global_tid., align 4, !dbg !56, !tbaa !47, !alias.scope !27
19 ExternCall	  call void @__kmpc_for_static_fini(%struct.ident_t* nonnull %.kmpc_loc.addr.i, i32 %24) #5, !dbg !56, !noalias !27
========================

===== Program Trace =====
---Thread0
0 Read	  %3 = load i64, i64* %2, align 8
1 Write	  store i64 %3, i64* %4, align 8
2 Read	  %5 = load i8*, i8** %arrayidx, align 8, !dbg !33, !tbaa !34
3 Call	  %call = call i32 @atoi(i8* %5) #7, !dbg !38
4 ExternCall	  %call = call i64 @strtol(i8* nocapture nonnull %__nptr, i8** null, i32 10) #4, !dbg !22
5 EndCall	  %call = call i32 @atoi(i8* %5) #7, !dbg !38
6 Write	  store i32 %len.0, i32* %numNodes, align 4, !dbg !41, !tbaa !42
7 Write	  store i32 0, i32* %numNodes2, align 4, !dbg !44, !tbaa !42
8 Write	  store i32 %., i32* %11, align 4, !dbg !55, !tbaa !42
9 Write	  store i8* %12, i8** %0, align 8, !dbg !59, !tbaa !60
10 Fork	  call void (%struct.ident_t*, i32, void (i32*, i32*, ...)*, ...) @__kmpc_fork_call(%struct.ident_t* %duplicateOmpForkHandle, i32 4, void (i32*, i32*, ...)* %13, i32* %numNodes, i64 %8, i32* %vla, i32* %numNodes2), !dbg !59
11 Fork	  call void (%struct.ident_t*, i32, void (i32*, i32*, ...)*, ...) @__kmpc_fork_call(%struct.ident_t* nonnull %.kmpc_loc.addr, i32 4, void (i32*, i32*, ...)* %13, i32* nonnull %numNodes, i64 %8, i32* nonnull %vla, i32* nonnull %numNodes2) #4, !dbg !59
12 Join	  call void (%struct.ident_t*, i32, void (i32*, i32*, ...)*, ...) @__kmpc_fork_call(%struct.ident_t* %duplicateOmpForkHandle, i32 4, void (i32*, i32*, ...)* %13, i32* %numNodes, i64 %8, i32* %vla, i32* %numNodes2), !dbg !59
13 Join	  call void (%struct.ident_t*, i32, void (i32*, i32*, ...)*, ...) @__kmpc_fork_call(%struct.ident_t* nonnull %.kmpc_loc.addr, i32 4, void (i32*, i32*, ...)* %13, i32* nonnull %numNodes, i64 %8, i32* nonnull %vla, i32* nonnull %numNodes2) #4, !dbg !59
---Thread1  (Spawned by T0:11)
0 Read	  %4 = load i64, i64* %3, align 8, !noalias !30
1 Write	  store i64 %4, i64* %5, align 8, !noalias !30
2 Read	  %6 = load i32, i32* %numNodes, align 4, !dbg !50, !tbaa !51, !noalias !30
3 Write	  store i32 0, i32* %.omp.lb.i, align 4, !dbg !56, !tbaa !51, !noalias !30
4 Write	  store i32 %sub3.i, i32* %.omp.ub.i, align 4, !dbg !56, !tbaa !51, !noalias !30
5 Write	  store i32 1, i32* %.omp.stride.i, align 4, !dbg !56, !tbaa !51, !noalias !30
6 Write	  store i32 0, i32* %.omp.is_last.i, align 4, !dbg !56, !tbaa !51, !noalias !30
7 Write	  store i8* %11, i8** %1, align 8, !dbg !55, !tbaa !57, !noalias !30
8 Read	  %12 = load i32, i32* %.global_tid., align 4, !dbg !55, !tbaa !51, !alias.scope !30
9 ExternCall	  call void @__kmpc_for_static_init_4(%struct.ident_t* nonnull %.kmpc_loc.addr.i, i32 %12, i32 34, i32* nonnull %.omp.is_last.i, i32* nonnull %.omp.lb.i, i32* nonnull %.omp.ub.i, i32* nonnull %.omp.stride.i, i32 1, i32 1) #4, !dbg !55, !noalias !30
10 Read	  %13 = load i32, i32* %.omp.ub.i, align 4, !dbg !56, !tbaa !51, !noalias !30
11 Write	  store i32 %sub3..i, i32* %.omp.ub.i, align 4, !dbg !56, !tbaa !51, !noalias !30
12 Read	  %14 = load i32, i32* %.omp.lb.i, align 4, !dbg !56, !tbaa !51, !noalias !30
13 Read	  %19 = load i32, i32* %18, align 4, !dbg !62, !tbaa !51, !noalias !30
14 Read	  %20 = load i32, i32* %numNodes2, align 4, !dbg !67, !tbaa !51, !noalias !30
15 Write	  store i32 %dec.i, i32* %numNodes2, align 4, !dbg !67, !tbaa !51, !noalias !30
16 Read	  %21 = load i32, i32* %.omp.ub.i, align 4, !dbg !56, !tbaa !51, !noalias !30
17 Write	  store i8* %23, i8** %1, align 8, !dbg !60, !tbaa !57, !noalias !30
18 Read	  %24 = load i32, i32* %.global_tid., align 4, !dbg !60, !tbaa !51, !alias.scope !30
19 ExternCall	  call void @__kmpc_for_static_fini(%struct.ident_t* nonnull %.kmpc_loc.addr.i, i32 %24) #4, !dbg !60, !noalias !30
---Thread2  (Spawned by T0:10)
0 Read	  %4 = load i64, i64* %3, align 8, !noalias !30
1 Write	  store i64 %4, i64* %5, align 8, !noalias !30
2 Read	  %6 = load i32, i32* %numNodes, align 4, !dbg !50, !tbaa !51, !noalias !30
3 Write	  store i32 0, i32* %.omp.lb.i, align 4, !dbg !56, !tbaa !51, !noalias !30
4 Write	  store i32 %sub3.i, i32* %.omp.ub.i, align 4, !dbg !56, !tbaa !51, !noalias !30
5 Write	  store i32 1, i32* %.omp.stride.i, align 4, !dbg !56, !tbaa !51, !noalias !30
6 Write	  store i32 0, i32* %.omp.is_last.i, align 4, !dbg !56, !tbaa !51, !noalias !30
7 Write	  store i8* %11, i8** %1, align 8, !dbg !55, !tbaa !57, !noalias !30
8 Read	  %12 = load i32, i32* %.global_tid., align 4, !dbg !55, !tbaa !51, !alias.scope !30
9 ExternCall	  call void @__kmpc_for_static_init_4(%struct.ident_t* nonnull %.kmpc_loc.addr.i, i32 %12, i32 34, i32* nonnull %.omp.is_last.i, i32* nonnull %.omp.lb.i, i32* nonnull %.omp.ub.i, i32* nonnull %.omp.stride.i, i32 1, i32 1) #4, !dbg !55, !noalias !30
10 Read	  %13 = load i32, i32* %.omp.ub.i, align 4, !dbg !56, !tbaa !51, !noalias !30
11 Write	  store i32 %sub3..i, i32* %.omp.ub.i, align 4, !dbg !56, !tbaa !51, !noalias !30
12 Read	  %14 = load i32, i32* %.omp.lb.i, align 4, !dbg !56, !tbaa !51, !noalias !30
13 Read	  %19 = load i32, i32* %18, align 4, !dbg !62, !tbaa !51, !noalias !30
14 Read	  %20 = load i32, i32* %numNodes2, align 4, !dbg !67, !tbaa !51, !noalias !30
15 Write	  store i32 %dec.i, i32* %numNodes2, align 4, !dbg !67, !tbaa !51, !noalias !30
16 Read	  %21 = load i32, i32* %.omp.ub.i, align 4, !dbg !56, !tbaa !51, !noalias !30
17 Write	  store i8* %23, i8** %1, align 8, !dbg !60, !tbaa !57, !noalias !30
18 Read	  %24 = load i32, i32* %.global_tid., align 4, !dbg !60, !tbaa !51, !alias.scope !30
19 ExternCall	  call void @__kmpc_for_static_fini(%struct.ident_t* nonnull %.kmpc_loc.addr.i, i32 %24) #4, !dbg !60, !noalias !30
========================

===== Program Trace =====
---Thread0
0 Read	  %3 = load i64, i64* %2, align 8
1 Write	  store i64 %3, i64* %4, align 8
2 Write	  store i32 1000, i32* %len, align 4, !dbg !25, !tbaa !26
3 Write	  store i32 5, i32* %b, align 4, !dbg !32, !tbaa !26
4 Read	  %9 = load i32, i32* %len, align 4, !dbg !33, !tbaa !26
5 Write	  store i32 %11, i32* %10, align 4, !dbg !39, !tbaa !26
6 Read	  %12 = load i32, i32* %len, align 4, !dbg !33, !tbaa !26
7 Write	  store i8* %14, i8** %0, align 8, !dbg !43, !tbaa !44
8 Fork	  call void (%struct.ident_t*, i32, void (i32*, i32*, ...)*, ...) @__kmpc_fork_call(%struct.ident_t* %duplicateOmpForkHandle, i32 5, void (i32*, i32*, ...)* %15, i32* %len, i64 1000, i32* %vla5.sub, i32* %b, i32* %error), !dbg !43
9 Fork	  call void (%struct.ident_t*, i32, void (i32*, i32*, ...)*, ...) @__kmpc_fork_call(%struct.ident_t* nonnull %.kmpc_loc.addr, i32 5, void (i32*, i32*, ...)* %15, i32* nonnull %len, i64 1000, i32* nonnull %vla5.sub, i32* nonnull %b, i32* nonnull %error) #3, !dbg !43
10 Join	  call void (%struct.ident_t*, i32, void (i32*, i32*, ...)*, ...) @__kmpc_fork_call(%struct.ident_t* %duplicateOmpForkHandle, i32 5, void (i32*, i32*, ...)* %15, i32* %len, i64 1000, i32* %vla5.sub, i32* %b, i32* %error), !dbg !43
11 Join	  call void (%struct.ident_t*, i32, void (i32*, i32*, ...)*, ...) @__kmpc_fork_call(%struct.ident_t* nonnull %.kmpc_loc.addr, i32 5, void (i32*, i32*, ...)* %15, i32* nonnull %len, i64 1000, i32* nonnull %vla5.sub, i32* nonnull %b, i32* nonnull %error) #3, !dbg !43
12 Read	  %16 = load i32, i32* %error, align 4, !dbg !47, !tbaa !26
---Thread1  (Spawned by T0:9)
0 Read	  %4 = load i64, i64* %3, align 8, !noalias !26
1 Write	  store i64 %4, i64* %5, align 8, !noalias !26
2 Write	  store i32 0, i32* %.omp.lb.i, align 4, !dbg !51, !tbaa !52, !noalias !26
3 Write	  store i32 999, i32* %.omp.ub.i, align 4, !dbg !51, !tbaa !52, !noalias !26
4 Write	  store i32 1, i32* %.omp.stride.i, align 4, !dbg !51, !tbaa !52, !noalias !26
5 Write	  store i32 0, i32* %.omp.is_last.i, align 4, !dbg !51, !tbaa !52, !noalias !26
6 Write	  store i8* %10, i8** %1, align 8, !dbg !50, !tbaa !56, !noalias !26
7 Read	  %11 = load i32, i32* %.global_tid., align 4, !dbg !50, !tbaa !52, !alias.scope !26
8 ExternCall	  call void @__kmpc_for_static_init_4(%struct.ident_t* nonnull %.kmpc_loc.addr.i, i32 %11, i32 34, i32* nonnull %.omp.is_last.i, i32* nonnull %.omp.lb.i, i32* nonnull %.omp.ub.i, i32* nonnull %.omp.stride.i, i32 1, i32 1) #3, !dbg !50, !noalias !26
9 Read	  %12 = load i32, i32* %.omp.ub.i, align 4, !dbg !51, !tbaa !52, !noalias !26
10 Write	  store i32 %sub2..i, i32* %.omp.ub.i, align 4, !dbg !51, !tbaa !52, !noalias !26
11 Read	  %13 = load i32, i32* %.omp.lb.i, align 4, !dbg !51, !tbaa !52, !noalias !26
12 Read	  %16 = load i32, i32* %15, align 4, !dbg !61, !tbaa !52, !noalias !26
13 Write	  store i32 %add9.i, i32* %15, align 4, !dbg !64, !tbaa !52, !noalias !26
14 Read	  %17 = load i32, i32* %.omp.ub.i, align 4, !dbg !51, !tbaa !52, !noalias !26
15 Write	  store i8* %19, i8** %1, align 8, !dbg !60, !tbaa !56, !noalias !26
16 Read	  %20 = load i32, i32* %.global_tid., align 4, !dbg !60, !tbaa !52, !alias.scope !26
17 ExternCall	  call void @__kmpc_for_static_fini(%struct.ident_t* nonnull %.kmpc_loc.addr.i, i32 %20) #3, !dbg !60, !noalias !26
18 Write	  store i8* %21, i8** %1, align 8, !dbg !67, !tbaa !56, !noalias !26
19 Read	  %22 = load i32, i32* %.global_tid., align 4, !dbg !67, !tbaa !52, !alias.scope !26
20 ExternCall	  %23 = call i32 @__kmpc_single(%struct.ident_t* nonnull %.kmpc_loc.addr.i, i32 %22) #3, !dbg !67, !noalias !26
21 Read	  %25 = load i32, i32* %arrayidx13.i, align 4, !dbg !68, !tbaa !52, !noalias !26
22 Write	  store i32 %add14.i, i32* %error, align 4, !dbg !71, !tbaa !52, !noalias !26
23 ExternCall	  call void @__kmpc_end_single(%struct.ident_t* nonnull %.kmpc_loc.addr.i, i32 %22) #3, !dbg !72, !noalias !26
24 Write	  store i8* %26, i8** %1, align 8, !dbg !73, !tbaa !56, !noalias !26
25 Read	  %27 = load i32, i32* %.global_tid., align 4, !dbg !73, !tbaa !52, !alias.scope !26
26 Barrier	  call void @__kmpc_barrier(%struct.ident_t* nonnull %.kmpc_loc.addr.i, i32 %27) #3, !dbg !73, !noalias !26
---Thread2  (Spawned by T0:8)
0 Read	  %4 = load i64, i64* %3, align 8, !noalias !26
1 Write	  store i64 %4, i64* %5, align 8, !noalias !26
2 Write	  store i32 0, i32* %.omp.lb.i, align 4, !dbg !51, !tbaa !52, !noalias !26
3 Write	  store i32 999, i32* %.omp.ub.i, align 4, !dbg !51, !tbaa !52, !noalias !26
4 Write	  store i32 1, i32* %.omp.stride.i, align 4, !dbg !51, !tbaa !52, !noalias !26
5 Write	  store i32 0, i32* %.omp.is_last.i, align 4, !dbg !51, !tbaa !52, !noalias !26
6 Write	  store i8* %10, i8** %1, align 8, !dbg !50, !tbaa !56, !noalias !26
7 Read	  %11 = load i32, i32* %.global_tid., align 4, !dbg !50, !tbaa !52, !alias.scope !26
8 ExternCall	  call void @__kmpc_for_static_init_4(%struct.ident_t* nonnull %.kmpc_loc.addr.i, i32 %11, i32 34, i32* nonnull %.omp.is_last.i, i32* nonnull %.omp.lb.i, i32* nonnull %.omp.ub.i, i32* nonnull %.omp.stride.i, i32 1, i32 1) #3, !dbg !50, !noalias !26
9 Read	  %12 = load i32, i32* %.omp.ub.i, align 4, !dbg !51, !tbaa !52, !noalias !26
10 Write	  store i32 %sub2..i, i32* %.omp.ub.i, align 4, !dbg !51, !tbaa !52, !noalias !26
11 Read	  %13 = load i32, i32* %.omp.lb.i, align 4, !dbg !51, !tbaa !52, !noalias !26
[...]
3 Write	  store i32 998, i32* %.omp.ub.i, align 4, !dbg !47, !tbaa !48, !noalias !26
4 Write	  store i32 1, i32* %.omp.stride.i, align 4, !dbg !47, !tbaa !48, !noalias !26
5 Write	  store i32 0, i32* %.omp.is_last.i, align 4, !dbg !47, !tbaa !48, !noalias !26
6 Write	  store i8* %10, i8** %1, align 8, !dbg !46, !tbaa !52, !noalias !26
7 Read	  %11 = load i32, i32* %.global_tid., align 4, !dbg !46, !tbaa !48, !alias.scope !26
8 ExternCall	  call void @__kmpc_for_static_init_4(%struct.ident_t* nonnull %.kmpc_loc.addr.i, i32 %11, i32 34, i32* nonnull %.omp.is_last.i, i32* nonnull %.omp.lb.i, i32* nonnull %.omp.ub.i, i32* nonnull %.omp.stride.i, i32 1, i32 1) #4, !dbg !46, !noalias !26
9 Read	  %12 = load i32, i32* %.omp.ub.i, align 4, !dbg !47, !tbaa !48, !noalias !26
10 Write	  store i32 %..i, i32* %.omp.ub.i, align 4, !dbg !47, !tbaa !48, !noalias !26
11 Read	  %14 = load i32, i32* %.omp.lb.i, align 4, !dbg !47, !tbaa !48, !noalias !26
12 Read	  %16 = load i32, i32* %.omp.ub.i, align 4, !dbg !47, !tbaa !48, !noalias !26
13 Read	  %20 = load i32, i32* %19, align 4, !dbg !57, !tbaa !48, !noalias !26
14 Write	  store i32 %add6.i, i32* %22, align 4, !dbg !62, !tbaa !48, !noalias !26
15 Write	  store i8* %23, i8** %1, align 8, !dbg !67, !tbaa !52, !noalias !26
16 ExternCall	  call void @__kmpc_for_static_fini(%struct.ident_t* nonnull %.kmpc_loc.addr.i, i32 %11) #4, !dbg !67, !noalias !26
---Thread2  (Spawned by T0:4)
0 Read	  %4 = load i64, i64* %3, align 8, !noalias !26
1 Write	  store i64 %4, i64* %5, align 8, !noalias !26
2 Write	  store i32 0, i32* %.omp.lb.i, align 4, !dbg !47, !tbaa !48, !noalias !26
3 Write	  store i32 998, i32* %.omp.ub.i, align 4, !dbg !47, !tbaa !48, !noalias !26
4 Write	  store i32 1, i32* %.omp.stride.i, align 4, !dbg !47, !tbaa !48, !noalias !26
5 Write	  store i32 0, i32* %.omp.is_last.i, align 4, !dbg !47, !tbaa !48, !noalias !26
6 Write	  store i8* %10, i8** %1, align 8, !dbg !46, !tbaa !52, !noalias !26
7 Read	  %11 = load i32, i32* %.global_tid., align 4, !dbg !46, !tbaa !48, !alias.scope !26
8 ExternCall	  call void @__kmpc_for_static_init_4(%struct.ident_t* nonnull %.kmpc_loc.addr.i, i32 %11, i32 34, i32* nonnull %.omp.is_last.i, i32* nonnull %.omp.lb.i, i32* nonnull %.omp.ub.i, i32* nonnull %.omp.stride.i, i32 1, i32 1) #4, !dbg !46, !noalias !26
9 Read	  %12 = load i32, i32* %.omp.ub.i, align 4, !dbg !47, !tbaa !48, !noalias !26
10 Write	  store i32 %..i, i32* %.omp.ub.i, align 4, !dbg !47, !tbaa !48, !noalias !26
11 Read	  %14 = load i32, i32* %.omp.lb.i, align 4, !dbg !47, !tbaa !48, !noalias !26
12 Read	  %16 = load i32, i32* %.omp.ub.i, align 4, !dbg !47, !tbaa !48, !noalias !26
13 Read	  %20 = load i32, i32* %19, align 4, !dbg !57, !tbaa !48, !noalias !26
14 Write	  store i32 %add6.i, i32* %22, align 4, !dbg !62, !tbaa !48, !noalias !26
15 Write	  store i8* %23, i8** %1, align 8, !dbg !67, !tbaa !52, !noalias !26
16 ExternCall	  call void @__kmpc_for_static_fini(%struct.ident_t* nonnull %.kmpc_loc.addr.i, i32 %11) #4, !dbg !67, !noalias !26
========================

===== Program Trace =====
---Thread0
0 Read	  %3 = load i64, i64* %2, align 8
1 Write	  store i64 %3, i64* %4, align 8
2 Write	  store i32 1000, i32* %N, align 4, !dbg !22, !tbaa !23
3 Write	  store i32 0, i32* %i, align 4, !dbg !30, !tbaa !23
4 Write	  store i8* %8, i8** %0, align 8, !dbg !35, !tbaa !37
5 Fork	  call void (%struct.ident_t*, i32, void (i32*, i32*, ...)*, ...) @__kmpc_fork_call(%struct.ident_t* %duplicateOmpForkHandle, i32 3, void (i32*, i32*, ...)* %9, i32* %N, [1000 x [1000 x i32]]* %A, i32* %i), !dbg !35
6 Fork	  call void (%struct.ident_t*, i32, void (i32*, i32*, ...)*, ...) @__kmpc_fork_call(%struct.ident_t* nonnull %.kmpc_loc.addr, i32 3, void (i32*, i32*, ...)* %9, i32* nonnull %N, [1000 x [1000 x i32]]* nonnull %A, i32* nonnull %i) #4, !dbg !35
7 Join	  call void (%struct.ident_t*, i32, void (i32*, i32*, ...)*, ...) @__kmpc_fork_call(%struct.ident_t* %duplicateOmpForkHandle, i32 3, void (i32*, i32*, ...)* %9, i32* %N, [1000 x [1000 x i32]]* %A, i32* %i), !dbg !35
8 Join	  call void (%struct.ident_t*, i32, void (i32*, i32*, ...)*, ...) @__kmpc_fork_call(%struct.ident_t* nonnull %.kmpc_loc.addr, i32 3, void (i32*, i32*, ...)* %9, i32* nonnull %N, [1000 x [1000 x i32]]* nonnull %A, i32* nonnull %i) #4, !dbg !35
9 Read	  %10 = load i32, i32* %i, align 4, !dbg !40, !tbaa !23
10 Write	  store i32 %inc, i32* %i, align 4, !dbg !30, !tbaa !23
---Thread1  (Spawned by T0:6)
0 Read	  %4 = load i64, i64* %3, align 8, !noalias !28
1 Write	  store i64 %4, i64* %5, align 8, !noalias !28
2 Write	  store i32 0, i32* %.omp.lb.i, align 4, !dbg !47, !tbaa !48, !noalias !28
3 Write	  store i32 999, i32* %.omp.ub.i, align 4, !dbg !47, !tbaa !48, !noalias !28
4 Write	  store i32 1, i32* %.omp.stride.i, align 4, !dbg !47, !tbaa !48, !noalias !28
5 Write	  store i32 0, i32* %.omp.is_last.i, align 4, !dbg !47, !tbaa !48, !noalias !28
6 Write	  store i8* %10, i8** %1, align 8, !dbg !46, !tbaa !52, !noalias !28
7 Read	  %11 = load i32, i32* %.global_tid., align 4, !dbg !46, !tbaa !48, !alias.scope !28
8 ExternCall	  call void @__kmpc_for_static_init_4(%struct.ident_t* nonnull %.kmpc_loc.addr.i, i32 %11, i32 34, i32* nonnull %.omp.is_last.i, i32* nonnull %.omp.lb.i, i32* nonnull %.omp.ub.i, i32* nonnull %.omp.stride.i, i32 1, i32 1) #4, !dbg !46, !noalias !28
9 Read	  %12 = load i32, i32* %.omp.ub.i, align 4, !dbg !47, !tbaa !48, !noalias !28
10 Write	  store i32 %..i, i32* %.omp.ub.i, align 4, !dbg !47, !tbaa !48, !noalias !28
11 Read	  %14 = load i32, i32* %.omp.lb.i, align 4, !dbg !47, !tbaa !48, !noalias !28
12 Read	  %16 = load i32, i32* %i, align 4, !dbg !56, !tbaa !48, !noalias !28
13 Read	  %19 = load i32, i32* %18, align 4, !dbg !58, !tbaa !48, !noalias !28
14 Write	  store i32 %add5.i, i32* %21, align 4, !dbg !62, !tbaa !48, !noalias !28
15 Read	  %22 = load i32, i32* %.omp.ub.i, align 4, !dbg !47, !tbaa !48, !noalias !28
16 Write	  store i8* %24, i8** %1, align 8, !dbg !55, !tbaa !52, !noalias !28
17 ExternCall	  call void @__kmpc_for_static_fini(%struct.ident_t* nonnull %.kmpc_loc.addr.i, i32 %11) #4, !dbg !55, !noalias !28
---Thread2  (Spawned by T0:5)
0 Read	  %4 = load i64, i64* %3, align 8, !noalias !28
1 Write	  store i64 %4, i64* %5, align 8, !noalias !28
2 Write	  store i32 0, i32* %.omp.lb.i, align 4, !dbg !47, !tbaa !48, !noalias !28
3 Write	  store i32 999, i32* %.omp.ub.i, align 4, !dbg !47, !tbaa !48, !noalias !28
4 Write	  store i32 1, i32* %.omp.stride.i, align 4, !dbg !47, !tbaa !48, !noalias !28
5 Write	  store i32 0, i32* %.omp.is_last.i, align 4, !dbg !47, !tbaa !48, !noalias !28
6 Write	  store i8* %10, i8** %1, align 8, !dbg !46, !tbaa !52, !noalias !28
7 Read	  %11 = load i32, i32* %.global_tid., align 4, !dbg !46, !tbaa !48, !alias.scope !28
8 ExternCall	  call void @__kmpc_for_static_init_4(%struct.ident_t* nonnull %.kmpc_loc.addr.i, i32 %11, i32 34, i32* nonnull %.omp.is_last.i, i32* nonnull %.omp.lb.i, i32* nonnull %.omp.ub.i, i32* nonnull %.omp.stride.i, i32 1, i32 1) #4, !dbg !46, !noalias !28
9 Read	  %12 = load i32, i32* %.omp.ub.i, align 4, !dbg !47, !tbaa !48, !noalias !28
10 Write	  store i32 %..i, i32* %.omp.ub.i, align 4, !dbg !47, !tbaa !48, !noalias !28
11 Read	  %14 = load i32, i32* %.omp.lb.i, align 4, !dbg !47, !tbaa !48, !noalias !28
12 Read	  %16 = load i32, i32* %i, align 4, !dbg !56, !tbaa !48, !noalias !28
13 Read	  %19 = load i32, i32* %18, align 4, !dbg !58, !tbaa !48, !noalias !28
14 Write	  store i32 %add5.i, i32* %21, align 4, !dbg !62, !tbaa !48, !noalias !28
15 Read	  %22 = load i32, i32* %.omp.ub.i, align 4, !dbg !47, !tbaa !48, !noalias !28
16 Write	  store i8* %24, i8** %1, align 8, !dbg !55, !tbaa !52, !noalias !28
17 ExternCall	  call void @__kmpc_for_static_fini(%struct.ident_t* nonnull %.kmpc_loc.addr.i, i32 %11) #4, !dbg !55, !noalias !28
========================

===== Program Trace =====
---Thread0
0 Read	  %3 = load i64, i64* %2, align 8
1 Write	  store i64 %3, i64* %4, align 8
2 Write	  store i32 1000, i32* %N, align 4, !dbg !20, !tbaa !21
3 Write	  store i8* %7, i8** %0, align 8, !dbg !27, !tbaa !28
4 Fork	  call void (%struct.ident_t*, i32, void (i32*, i32*, ...)*, ...) @__kmpc_fork_call(%struct.ident_t* %duplicateOmpForkHandle, i32 2, void (i32*, i32*, ...)* %8, i32* %N, [1000 x i32]* %A), !dbg !27
5 Fork	  call void (%struct.ident_t*, i32, void (i32*, i32*, ...)*, ...) @__kmpc_fork_call(%struct.ident_t* nonnull %.kmpc_loc.addr, i32 2, void (i32*, i32*, ...)* %8, i32* nonnull %N, [1000 x i32]* nonnull %A) #4, !dbg !27
6 Join	  call void (%struct.ident_t*, i32, void (i32*, i32*, ...)*, ...) @__kmpc_fork_call(%struct.ident_t* %duplicateOmpForkHandle, i32 2, void (i32*, i32*, ...)* %8, i32* %N, [1000 x i32]* %A), !dbg !27
7 Join	  call void (%struct.ident_t*, i32, void (i32*, i32*, ...)*, ...) @__kmpc_fork_call(%struct.ident_t* nonnull %.kmpc_loc.addr, i32 2, void (i32*, i32*, ...)* %8, i32* nonnull %N, [1000 x i32]* nonnull %A) #4, !dbg !27
---Thread1  (Spawned by T0:5)
0 Read	  %4 = load i64, i64* %3, align 8, !noalias !26
1 Write	  store i64 %4, i64* %5, align 8, !noalias !26
2 Write	  store i32 0, i32* %.omp.lb.i, align 4, !dbg !44, !tbaa !45, !noalias !26
3 Write	  store i32 499, i32* %.omp.ub.i, align 4, !dbg !44, !tbaa !45, !noalias !26
4 Write	  store i32 1, i32* %.omp.stride.i, align 4, !dbg !44, !tbaa !45, !noalias !26
5 Write	  store i32 0, i32* %.omp.is_last.i, align 4, !dbg !44, !tbaa !45, !noalias !26
6 Write	  store i8* %10, i8** %1, align 8, !dbg !43, !tbaa !49, !noalias !26
7 Read	  %11 = load i32, i32* %.global_tid., align 4, !dbg !43, !tbaa !45, !alias.scope !26
8 ExternCall	  call void @__kmpc_for_static_init_4(%struct.ident_t* nonnull %.kmpc_loc.addr.i, i32 %11, i32 34, i32* nonnull %.omp.is_last.i, i32* nonnull %.omp.lb.i, i32* nonnull %.omp.ub.i, i32* nonnull %.omp.stride.i, i32 1, i32 1) #4, !dbg !43, !noalias !26
9 Read	  %12 = load i32, i32* %.omp.ub.i, align 4, !dbg !44, !tbaa !45, !noalias !26
10 Write	  store i32 %..i, i32* %.omp.ub.i, align 4, !dbg !44, !tbaa !45, !noalias !26
11 Read	  %14 = load i32, i32* %.omp.lb.i, align 4, !dbg !44, !tbaa !45, !noalias !26
12 Write	  store i32 %mul.i, i32* %16, align 4, !dbg !56, !tbaa !45, !noalias !26
13 Write	  store i32 %mul.i, i32* %17, align 4, !dbg !59, !tbaa !45, !noalias !26
14 Read	  %18 = load i32, i32* %.omp.ub.i, align 4, !dbg !44, !tbaa !45, !noalias !26
15 Write	  store i8* %20, i8** %1, align 8, !dbg !52, !tbaa !49, !noalias !26
16 ExternCall	  call void @__kmpc_for_static_fini(%struct.ident_t* nonnull %.kmpc_loc.addr.i, i32 %11) #4, !dbg !52, !noalias !26
---Thread2  (Spawned by T0:4)
0 Read	  %4 = load i64, i64* %3, align 8, !noalias !26
1 Write	  store i64 %4, i64* %5, align 8, !noalias !26
2 Write	  store i32 0, i32* %.omp.lb.i, align 4, !dbg !44, !tbaa !45, !noalias !26
3 Write	  store i32 499, i32* %.omp.ub.i, align 4, !dbg !44, !tbaa !45, !noalias !26
4 Write	  store i32 1, i32* %.omp.stride.i, align 4, !dbg !44, !tbaa !45, !noalias !26
5 Write	  store i32 0, i32* %.omp.is_last.i, align 4, !dbg !44, !tbaa !45, !noalias !26
6 Write	  store i8* %10, i8** %1, align 8, !dbg !43, !tbaa !49, !noalias !26
7 Read	  %11 = load i32, i32* %.global_tid., align 4, !dbg !43, !tbaa !45, !alias.scope !26
8 ExternCall	  call void @__kmpc_for_static_init_4(%struct.ident_t* nonnull %.kmpc_loc.addr.i, i32 %11, i32 34, i32* nonnull %.omp.is_last.i, i32* nonnull %.omp.lb.i, i32* nonnull %.omp.ub.i, i32* nonnull %.omp.stride.i, i32 1, i32 1) #4, !dbg !43, !noalias !26
9 Read	  %12 = load i32, i32* %.omp.ub.i, align 4, !dbg !44, !tbaa !45, !noalias !26
10 Write	  store i32 %..i, i32* %.omp.ub.i, align 4, !dbg !44, !tbaa !45, !noalias !26
11 Read	  %14 = load i32, i32* %.omp.lb.i, align 4, !dbg !44, !tbaa !45, !noalias !26
12 Write	  store i32 %mul.i, i32* %16, align 4, !dbg !56, !tbaa !45, !noalias !26
13 Write	  store i32 %mul.i, i32* %17, align 4, !dbg !59, !tbaa !45, !noalias !26
14 Read	  %18 = load i32, i32* %.omp.ub.i, align 4, !dbg !44, !tbaa !45, !noalias !26
15 Write	  store i8* %20, i8** %1, align 8, !dbg !52, !tbaa !49, !noalias !26
16 ExternCall	  call void @__kmpc_for_static_fini(%struct.ident_t* nonnull %.kmpc_loc.addr.i, i32 %11) #4, !dbg !52, !noalias !26
========================

<end of output>
Test time =   0.86 sec
----------------------------------------------------------
Test Passed.
"OpenMP Array Index Analysis Integration Tests" end time: Jun 11 00:00 CDT
"OpenMP Array Index Analysis Integration Tests" time elapsed: 00:00:00
----------------------------------------------------------

29/30 Testing: OpenMP Lock Tests
29/30 Test: OpenMP Lock Tests
Command: "/home/tanzir/OpenRace/src/bin/tester" "OpenMP Lock Tests" "--reporter junit" "--out /home/tanzir/OpenRace/src/testresults/OpenMP_Lock_Tests.xml"
Directory: /home/tanzir/OpenRace/tests/data
"OpenMP Lock Tests" start time: Jun 11 00:00 CDT
Output:
----------------------------------------------------------
===== Program Trace =====
---Thread0
0 Read	  %3 = load i64, i64* %2, align 8
1 Write	  store i64 %3, i64* %4, align 8
2 ExternCall	  call void @omp_init_lock(%struct.omp_lock_t* nonnull %writelock) #5, !dbg !31
3 Write	  store i32 0, i32* %counter, align 4, !dbg !34, !tbaa !35
4 Write	  store i8* %7, i8** %0, align 8, !dbg !39, !tbaa !40
5 Fork	  call void (%struct.ident_t*, i32, void (i32*, i32*, ...)*, ...) @__kmpc_fork_call(%struct.ident_t* %duplicateOmpForkHandle, i32 2, void (i32*, i32*, ...)* %8, %struct.omp_lock_t* %writelock, i32* %counter), !dbg !39
6 Fork	  call void (%struct.ident_t*, i32, void (i32*, i32*, ...)*, ...) @__kmpc_fork_call(%struct.ident_t* nonnull %.kmpc_loc.addr, i32 2, void (i32*, i32*, ...)* %8, %struct.omp_lock_t* nonnull %writelock, i32* nonnull %counter) #5, !dbg !39
7 Join	  call void (%struct.ident_t*, i32, void (i32*, i32*, ...)*, ...) @__kmpc_fork_call(%struct.ident_t* %duplicateOmpForkHandle, i32 2, void (i32*, i32*, ...)* %8, %struct.omp_lock_t* %writelock, i32* %counter), !dbg !39
8 Join	  call void (%struct.ident_t*, i32, void (i32*, i32*, ...)*, ...) @__kmpc_fork_call(%struct.ident_t* nonnull %.kmpc_loc.addr, i32 2, void (i32*, i32*, ...)* %8, %struct.omp_lock_t* nonnull %writelock, i32* nonnull %counter) #5, !dbg !39
9 ExternCall	  call void @omp_destroy_lock(%struct.omp_lock_t* nonnull %writelock) #5, !dbg !43
---Thread1  (Spawned by T0:6)
0 Lock	  call void @omp_set_lock(%struct.omp_lock_t* nonnull %writelock) #5, !dbg !45
1 Read	  %0 = load i32, i32* %counter, align 4, !dbg !47, !tbaa !48
2 Write	  store i32 %inc.i, i32* %counter, align 4, !dbg !47, !tbaa !48
3 Unlock	  call void @omp_unset_lock(%struct.omp_lock_t* nonnull %writelock) #5, !dbg !52
---Thread2  (Spawned by T0:5)
0 Lock	  call void @omp_set_lock(%struct.omp_lock_t* nonnull %writelock) #5, !dbg !45
1 Read	  %0 = load i32, i32* %counter, align 4, !dbg !47, !tbaa !48
2 Write	  store i32 %inc.i, i32* %counter, align 4, !dbg !47, !tbaa !48
3 Unlock	  call void @omp_unset_lock(%struct.omp_lock_t* nonnull %writelock) #5, !dbg !52
========================

===== Program Trace =====
---Thread0
0 Read	  %3 = load i64, i64* %2, align 8
1 Write	  store i64 %3, i64* %4, align 8
2 ExternCall	  call void @omp_init_lock(%struct.omp_lock_t* nonnull %writelock) #5, !dbg !29
3 Write	  store i32 0, i32* %counter, align 4, !dbg !32, !tbaa !33
4 Write	  store i8* %7, i8** %0, align 8, !dbg !37, !tbaa !38
5 Fork	  call void (%struct.ident_t*, i32, void (i32*, i32*, ...)*, ...) @__kmpc_fork_call(%struct.ident_t* %duplicateOmpForkHandle, i32 1, void (i32*, i32*, ...)* %8, i32* %counter), !dbg !37
6 Fork	  call void (%struct.ident_t*, i32, void (i32*, i32*, ...)*, ...) @__kmpc_fork_call(%struct.ident_t* nonnull %.kmpc_loc.addr, i32 1, void (i32*, i32*, ...)* %8, i32* nonnull %counter) #5, !dbg !37
7 Join	  call void (%struct.ident_t*, i32, void (i32*, i32*, ...)*, ...) @__kmpc_fork_call(%struct.ident_t* %duplicateOmpForkHandle, i32 1, void (i32*, i32*, ...)* %8, i32* %counter), !dbg !37
8 Join	  call void (%struct.ident_t*, i32, void (i32*, i32*, ...)*, ...) @__kmpc_fork_call(%struct.ident_t* nonnull %.kmpc_loc.addr, i32 1, void (i32*, i32*, ...)* %8, i32* nonnull %counter) #5, !dbg !37
9 ExternCall	  call void @omp_destroy_lock(%struct.omp_lock_t* nonnull %writelock) #5, !dbg !41
---Thread1  (Spawned by T0:6)
0 Read	  %0 = load i32, i32* %counter, align 4, !dbg !39, !tbaa !41
1 Write	  store i32 %inc.i, i32* %counter, align 4, !dbg !39, !tbaa !41
---Thread2  (Spawned by T0:5)
0 Read	  %0 = load i32, i32* %counter, align 4, !dbg !39, !tbaa !41
1 Write	  store i32 %inc.i, i32* %counter, align 4, !dbg !39, !tbaa !41
========================

===== Program Trace =====
---Thread0
0 Read	  %3 = load i64, i64* %2, align 8
1 Write	  store i64 %3, i64* %4, align 8
2 Write	  store i32 0, i32* %counter, align 4, !dbg !32, !tbaa !33
3 Write	  store i32 0, i32* %another_counter, align 4, !dbg !38, !tbaa !33
4 Write	  store i8* %8, i8** %0, align 8, !dbg !39, !tbaa !40
5 Fork	  call void (%struct.ident_t*, i32, void (i32*, i32*, ...)*, ...) @__kmpc_fork_call(%struct.ident_t* %duplicateOmpForkHandle, i32 3, void (i32*, i32*, ...)* %9, i32* %another_counter, %struct.omp_lock_t* %writelock, i32* %counter), !dbg !39
6 Fork	  call void (%struct.ident_t*, i32, void (i32*, i32*, ...)*, ...) @__kmpc_fork_call(%struct.ident_t* nonnull %.kmpc_loc.addr, i32 3, void (i32*, i32*, ...)* %9, i32* nonnull %another_counter, %struct.omp_lock_t* nonnull %writelock, i32* nonnull %counter) #5, !dbg !39
7 Join	  call void (%struct.ident_t*, i32, void (i32*, i32*, ...)*, ...) @__kmpc_fork_call(%struct.ident_t* %duplicateOmpForkHandle, i32 3, void (i32*, i32*, ...)* %9, i32* %another_counter, %struct.omp_lock_t* %writelock, i32* %counter), !dbg !39
8 Join	  call void (%struct.ident_t*, i32, void (i32*, i32*, ...)*, ...) @__kmpc_fork_call(%struct.ident_t* nonnull %.kmpc_loc.addr, i32 3, void (i32*, i32*, ...)* %9, i32* nonnull %another_counter, %struct.omp_lock_t* nonnull %writelock, i32* nonnull %counter) #5, !dbg !39
9 ExternCall	  call void @omp_destroy_lock(%struct.omp_lock_t* nonnull %writelock) #5, !dbg !43
---Thread1  (Spawned by T0:6)
0 Write	  store i32 15, i32* %another_counter, align 4, !dbg !46, !tbaa !48
1 Lock	  call void @omp_set_lock(%struct.omp_lock_t* nonnull %writelock) #5, !dbg !52
2 Read	  %0 = load i32, i32* %counter, align 4, !dbg !53, !tbaa !48
3 Write	  store i32 %inc.i, i32* %counter, align 4, !dbg !53, !tbaa !48
4 Unlock	  call void @omp_unset_lock(%struct.omp_lock_t* nonnull %writelock) #5, !dbg !54
---Thread2  (Spawned by T0:5)
0 Write	  store i32 15, i32* %another_counter, align 4, !dbg !46, !tbaa !48
1 Lock	  call void @omp_set_lock(%struct.omp_lock_t* nonnull %writelock) #5, !dbg !52
2 Read	  %0 = load i32, i32* %counter, align 4, !dbg !53, !tbaa !48
3 Write	  store i32 %inc.i, i32* %counter, align 4, !dbg !53, !tbaa !48
4 Unlock	  call void @omp_unset_lock(%struct.omp_lock_t* nonnull %writelock) #5, !dbg !54
========================

<end of output>
Test time =   0.64 sec
----------------------------------------------------------
Test Passed.
"OpenMP Lock Tests" end time: Jun 11 00:00 CDT
"OpenMP Lock Tests" time elapsed: 00:00:00
----------------------------------------------------------

30/30 Testing: No crash on empty thread
30/30 Test: No crash on empty thread
Command: "/home/tanzir/OpenRace/src/bin/tester" "No crash on empty thread" "--reporter junit" "--out /home/tanzir/OpenRace/src/testresults/No_crash_on_empty_thread.xml"
Directory: /home/tanzir/OpenRace/tests/data
"No crash on empty thread" start time: Jun 11 00:00 CDT
Output:
----------------------------------------------------------
<end of output>
Test time =   0.20 sec
----------------------------------------------------------
Test Passed.
"No crash on empty thread" end time: Jun 11 00:00 CDT
"No crash on empty thread" time elapsed: 00:00:00
----------------------------------------------------------

End testing: Jun 11 00:00 CDT
