<?xml version="1.0" encoding="UTF-8"?>
<testsuites>
  <testsuite name="tester" errors="0" failures="0" tests="12" hostname="tbd" time="0.577704" timestamp="2021-06-11T05:00:23Z">
    <properties>
      <property name="filters" value="Nested Pthread ThreadTrace"/>
    </properties>
    <testcase classname="tester.global" name="Nested Pthread ThreadTrace" time="0.189225" status="run"/>
    <testcase classname="tester.global" name="Nested Pthread ThreadTrace/Main ThreadTrace" time="0.000027" status="run"/>
    <testcase classname="tester.global" name="Nested Pthread ThreadTrace/Spawned ThreadTrace" time="0.000011" status="run"/>
    <testcase classname="tester.global" name="Nested Pthread ThreadTrace/Sub Spawned ThreadTrace" time="0.00001" status="run"/>
    <system-out/>
    <system-err/>
  </testsuite>
</testsuites>
