<?xml version="1.0" encoding="UTF-8"?>
<testsuites>
  <testsuite name="tester" errors="0" failures="0" tests="7" hostname="tbd" time="0.200686" timestamp="2021-06-11T05:00:24Z">
    <properties>
      <property name="filters" value="OpenmP ThreadTrace construction"/>
    </properties>
    <testcase classname="tester.global" name="OpenmP ThreadTrace construction" time="0.200655" status="run"/>
    <testcase classname="tester.global" name="OpenmP ThreadTrace construction/OpenMP threads match" time="0.000009" status="run"/>
    <system-out/>
    <system-err/>
  </testsuite>
</testsuites>
